
[STEP1] ãƒ¦ãƒ¼ã‚¶ãƒ­ã‚°ã‚¤ãƒ³å‰ã®ãƒ†ã‚¹ãƒˆ
  ãƒˆãƒƒãƒ—ç”»é¢ã®ãƒ†ã‚¹ãƒˆ
    è¡¨ç¤ºå†…å®¹ã®ç¢ºèª
[31m      UPLãŒæ­£ã—ã„ (FAILED - 1)[0m
[31m      ã‚¢ã‚«ã‚¦ãƒ³ãƒˆã‚’ãŠæŒã¡ã®æ–¹ã¯ã“ã¡ã‚‰ï¼ˆãƒ­ã‚°ã‚¤ãƒ³ï¼‰ãƒªãƒ³ã‚¯ãŒè¡¨ç¤ºã•ã‚Œã‚‹: ã€Œã“ã¡ã‚‰ã€ã®ã¿ãƒªãƒ³ã‚¯ã§ã‚ã‚‹ (FAILED - 2)[0m
[31m      ä»Šã™ãã¯ã˜ã‚ã‚‹ï¼ˆæ–°è¦ç™»éŒ²ï¼‰ãƒªãƒ³ã‚¯ãŒè¡¨ç¤ºã•ã‚Œã‚‹ (FAILED - 3)[0m
[31m      ãŠå•ã„åˆã‚ã›ãƒªãƒ³ã‚¯ãŒè¡¨ç¤ºã•ã‚Œã‚‹ (FAILED - 4)[0m
  ãŠå•ã„åˆã‚ã›ç”»é¢ã®ãƒ†ã‚¹ãƒˆ
    ãŠå•ã„åˆã‚ã›ãƒ•ã‚©ãƒ¼ãƒ è¡¨ç¤ºå†…å®¹ã®ç¢ºèª
[31m      URLãŒæ­£ã—ã„ (FAILED - 5)[0m
[31m      ã€ŒãŠå•ã„åˆã‚ã›ã€ã¨è¡¨ç¤ºã•ã‚Œã‚‹ (FAILED - 6)[0m
[31m      ãŠåå‰ãƒ•ã‚©ãƒ¼ãƒ ãŒè¡¨ç¤ºã•ã‚Œã‚‹ (FAILED - 7)[0m
[31m      ãƒ¡ãƒ¼ãƒ«ã‚¢ãƒ‰ãƒ¬ã‚¹ãƒ•ã‚©ãƒ¼ãƒ ãŒè¡¨ç¤ºã•ã‚Œã‚‹ (FAILED - 8)[0m
[31m      ãŠå•ã„åˆã‚ã›å†…å®¹ãƒ•ã‚©ãƒ¼ãƒ ãŒè¡¨ç¤ºã•ã‚Œã‚‹ (FAILED - 9)[0m
[31m      ç¢ºèªç”»é¢ã¸ãƒœã‚¿ãƒ³ãŒè¡¨ç¤ºã•ã‚Œã‚‹ (FAILED - 10)[0m
    ãŠå•ã„åˆã‚ã›ç¢ºèªç”»é¢è¡¨ç¤ºå†…å®¹ã®ç¢ºèª
[31m      URLãŒæ­£ã—ã„ (FAILED - 11)[0m
[31m      ã€Œä»¥ä¸‹ã®å†…å®¹ã§ã‚ˆã‚ã—ã„ã§ã™ã‹ï¼Ÿã€ã¨è¡¨ç¤ºã•ã‚Œã‚‹ (FAILED - 12)[0m
[31m      ãŠåå‰ãŒè¡¨ç¤ºã•ã‚Œã‚‹ (FAILED - 13)[0m
[31m      ãƒ¡ãƒ¼ãƒ«ã‚¢ãƒ‰ãƒ¬ã‚¹ãŒè¡¨ç¤ºã•ã‚Œã‚‹ (FAILED - 14)[0m
[31m      ãŠå•ã„åˆã‚ã›å†…å®¹ãŒè¡¨ç¤ºã•ã‚Œã‚‹ (FAILED - 15)[0m
[31m      ä¿®æ­£ã™ã‚‹ãƒœã‚¿ãƒ³ãŒè¡¨ç¤ºã•ã‚Œã‚‹ (FAILED - 16)[0m
[31m      é€ä¿¡ã™ã‚‹ãƒœã‚¿ãƒ³ãŒè¡¨ç¤ºã•ã‚Œã‚‹ (FAILED - 17)[0m

Failures:

  1) [STEP1] ãƒ¦ãƒ¼ã‚¶ãƒ­ã‚°ã‚¤ãƒ³å‰ã®ãƒ†ã‚¹ãƒˆ ãƒˆãƒƒãƒ—ç”»é¢ã®ãƒ†ã‚¹ãƒˆ è¡¨ç¤ºå†…å®¹ã®ç¢ºèª UPLãŒæ­£ã—ã„
     [31mGot 0 failures and 2 other errors:[0m

     1.1) [31mFailure/Error: [0mvisit root_path[0m
          [31m[0m
          [31mNoMethodError:[0m
          [31m  undefined method `strip' for nil:NilClass[0m
          [31m[0m
          [31m[0m
          [31m[0m
          [36m# /home/ec2-user/.rvm/gems/ruby-2.6.3/gems/webdrivers-3.9.4/lib/webdrivers/chromedriver.rb:145:in `chrome_on_linux'[0m
          [36m# /home/ec2-user/.rvm/gems/ruby-2.6.3/gems/webdrivers-3.9.4/lib/webdrivers/chromedriver.rb:45:in `chrome_version'[0m
          [36m# /home/ec2-user/.rvm/gems/ruby-2.6.3/gems/webdrivers-3.9.4/lib/webdrivers/chromedriver.rb:109:in `release_version'[0m
          [36m# /home/ec2-user/.rvm/gems/ruby-2.6.3/gems/webdrivers-3.9.4/lib/webdrivers/chromedriver.rb:31:in `latest_version'[0m
          [36m# /home/ec2-user/.rvm/gems/ruby-2.6.3/gems/webdrivers-3.9.4/lib/webdrivers/common.rb:155:in `correct_binary?'[0m
          [36m# /home/ec2-user/.rvm/gems/ruby-2.6.3/gems/webdrivers-3.9.4/lib/webdrivers/common.rb:93:in `update'[0m
          [36m# /home/ec2-user/.rvm/gems/ruby-2.6.3/gems/webdrivers-3.9.4/lib/webdrivers/chromedriver.rb:177:in `block in <main>'[0m
          [36m# /home/ec2-user/.rvm/gems/ruby-2.6.3/gems/selenium-webdriver-3.142.7/lib/selenium/webdriver/common/service.rb:133:in `binary_path'[0m
          [36m# /home/ec2-user/.rvm/gems/ruby-2.6.3/gems/selenium-webdriver-3.142.7/lib/selenium/webdriver/common/service.rb:94:in `initialize'[0m
          [36m# /home/ec2-user/.rvm/gems/ruby-2.6.3/gems/selenium-webdriver-3.142.7/lib/selenium/webdriver/common/service.rb:41:in `new'[0m
          [36m# /home/ec2-user/.rvm/gems/ruby-2.6.3/gems/selenium-webdriver-3.142.7/lib/selenium/webdriver/common/service.rb:41:in `chrome'[0m
          [36m# /home/ec2-user/.rvm/gems/ruby-2.6.3/gems/selenium-webdriver-3.142.7/lib/selenium/webdriver/common/driver.rb:299:in `service_url'[0m
          [36m# /home/ec2-user/.rvm/gems/ruby-2.6.3/gems/selenium-webdriver-3.142.7/lib/selenium/webdriver/chrome/driver.rb:40:in `initialize'[0m
          [36m# /home/ec2-user/.rvm/gems/ruby-2.6.3/gems/selenium-webdriver-3.142.7/lib/selenium/webdriver/common/driver.rb:46:in `new'[0m
          [36m# /home/ec2-user/.rvm/gems/ruby-2.6.3/gems/selenium-webdriver-3.142.7/lib/selenium/webdriver/common/driver.rb:46:in `for'[0m
          [36m# /home/ec2-user/.rvm/gems/ruby-2.6.3/gems/selenium-webdriver-3.142.7/lib/selenium/webdriver.rb:88:in `for'[0m
          [36m# /home/ec2-user/.rvm/gems/ruby-2.6.3/gems/capybara-3.35.3/lib/capybara/selenium/driver.rb:83:in `browser'[0m
          [36m# /home/ec2-user/.rvm/gems/ruby-2.6.3/gems/capybara-3.35.3/lib/capybara/selenium/driver.rb:104:in `visit'[0m
          [36m# /home/ec2-user/.rvm/gems/ruby-2.6.3/gems/capybara-3.35.3/lib/capybara/session.rb:278:in `visit'[0m
          [36m# /home/ec2-user/.rvm/gems/ruby-2.6.3/gems/capybara-3.35.3/lib/capybara/dsl.rb:58:in `block (2 levels) in <module:DSL>'[0m
          [36m# ./spec/system/01_before_login_spec.rb:6:in `block (3 levels) in <top (required)>'[0m

     1.2) [31mFailure/Error: [0m[1;34;4mSystem[0m.call([31m[1;31m"[0m[31m#{executable}[0m[31m --product-version[1;31m"[0m[31m[0m).strip[0m
          [31m[0m
          [31mNoMethodError:[0m
          [31m  undefined method `strip' for nil:NilClass[0m
          [31m[0m
          [31m[0m
          [31m[0m
          [36m# /home/ec2-user/.rvm/gems/ruby-2.6.3/gems/webdrivers-3.9.4/lib/webdrivers/chromedriver.rb:145:in `chrome_on_linux'[0m
          [36m# /home/ec2-user/.rvm/gems/ruby-2.6.3/gems/webdrivers-3.9.4/lib/webdrivers/chromedriver.rb:45:in `chrome_version'[0m
          [36m# /home/ec2-user/.rvm/gems/ruby-2.6.3/gems/webdrivers-3.9.4/lib/webdrivers/chromedriver.rb:109:in `release_version'[0m
          [36m# /home/ec2-user/.rvm/gems/ruby-2.6.3/gems/webdrivers-3.9.4/lib/webdrivers/chromedriver.rb:31:in `latest_version'[0m
          [36m# /home/ec2-user/.rvm/gems/ruby-2.6.3/gems/webdrivers-3.9.4/lib/webdrivers/common.rb:155:in `correct_binary?'[0m
          [36m# /home/ec2-user/.rvm/gems/ruby-2.6.3/gems/webdrivers-3.9.4/lib/webdrivers/common.rb:93:in `update'[0m
          [36m# /home/ec2-user/.rvm/gems/ruby-2.6.3/gems/webdrivers-3.9.4/lib/webdrivers/chromedriver.rb:177:in `block in <main>'[0m
          [36m# /home/ec2-user/.rvm/gems/ruby-2.6.3/gems/selenium-webdriver-3.142.7/lib/selenium/webdriver/common/service.rb:133:in `binary_path'[0m
          [36m# /home/ec2-user/.rvm/gems/ruby-2.6.3/gems/selenium-webdriver-3.142.7/lib/selenium/webdriver/common/service.rb:94:in `initialize'[0m
          [36m# /home/ec2-user/.rvm/gems/ruby-2.6.3/gems/selenium-webdriver-3.142.7/lib/selenium/webdriver/common/service.rb:41:in `new'[0m
          [36m# /home/ec2-user/.rvm/gems/ruby-2.6.3/gems/selenium-webdriver-3.142.7/lib/selenium/webdriver/common/service.rb:41:in `chrome'[0m
          [36m# /home/ec2-user/.rvm/gems/ruby-2.6.3/gems/selenium-webdriver-3.142.7/lib/selenium/webdriver/common/driver.rb:299:in `service_url'[0m
          [36m# /home/ec2-user/.rvm/gems/ruby-2.6.3/gems/selenium-webdriver-3.142.7/lib/selenium/webdriver/chrome/driver.rb:40:in `initialize'[0m
          [36m# /home/ec2-user/.rvm/gems/ruby-2.6.3/gems/selenium-webdriver-3.142.7/lib/selenium/webdriver/common/driver.rb:46:in `new'[0m
          [36m# /home/ec2-user/.rvm/gems/ruby-2.6.3/gems/selenium-webdriver-3.142.7/lib/selenium/webdriver/common/driver.rb:46:in `for'[0m
          [36m# /home/ec2-user/.rvm/gems/ruby-2.6.3/gems/selenium-webdriver-3.142.7/lib/selenium/webdriver.rb:88:in `for'[0m
          [36m# /home/ec2-user/.rvm/gems/ruby-2.6.3/gems/capybara-3.35.3/lib/capybara/selenium/driver.rb:83:in `browser'[0m
          [36m# /home/ec2-user/.rvm/gems/ruby-2.6.3/gems/capybara-3.35.3/lib/capybara/selenium/driver.rb:156:in `save_screenshot'[0m
          [36m# /home/ec2-user/.rvm/gems/ruby-2.6.3/gems/capybara-3.35.3/lib/capybara/session.rb:735:in `block in save_screenshot'[0m
          [36m# /home/ec2-user/.rvm/gems/ruby-2.6.3/gems/capybara-3.35.3/lib/capybara/session.rb:735:in `tap'[0m
          [36m# /home/ec2-user/.rvm/gems/ruby-2.6.3/gems/capybara-3.35.3/lib/capybara/session.rb:735:in `save_screenshot'[0m

  2) [STEP1] ãƒ¦ãƒ¼ã‚¶ãƒ­ã‚°ã‚¤ãƒ³å‰ã®ãƒ†ã‚¹ãƒˆ ãƒˆãƒƒãƒ—ç”»é¢ã®ãƒ†ã‚¹ãƒˆ è¡¨ç¤ºå†…å®¹ã®ç¢ºèª ã‚¢ã‚«ã‚¦ãƒ³ãƒˆã‚’ãŠæŒã¡ã®æ–¹ã¯ã“ã¡ã‚‰ï¼ˆãƒ­ã‚°ã‚¤ãƒ³ï¼‰ãƒªãƒ³ã‚¯ãŒè¡¨ç¤ºã•ã‚Œã‚‹: ã€Œã“ã¡ã‚‰ã€ã®ã¿ãƒªãƒ³ã‚¯ã§ã‚ã‚‹
     [31mGot 0 failures and 2 other errors:[0m

     2.1) [31mFailure/Error: [0mvisit root_path[0m
          [31m[0m
          [31mNoMethodError:[0m
          [31m  undefined method `strip' for nil:NilClass[0m
          [31m[0m
          [31m[0m
          [31m[0m
          [36m# /home/ec2-user/.rvm/gems/ruby-2.6.3/gems/webdrivers-3.9.4/lib/webdrivers/chromedriver.rb:145:in `chrome_on_linux'[0m
          [36m# /home/ec2-user/.rvm/gems/ruby-2.6.3/gems/webdrivers-3.9.4/lib/webdrivers/chromedriver.rb:45:in `chrome_version'[0m
          [36m# /home/ec2-user/.rvm/gems/ruby-2.6.3/gems/webdrivers-3.9.4/lib/webdrivers/chromedriver.rb:109:in `release_version'[0m
          [36m# /home/ec2-user/.rvm/gems/ruby-2.6.3/gems/webdrivers-3.9.4/lib/webdrivers/chromedriver.rb:31:in `latest_version'[0m
          [36m# /home/ec2-user/.rvm/gems/ruby-2.6.3/gems/webdrivers-3.9.4/lib/webdrivers/common.rb:155:in `correct_binary?'[0m
          [36m# /home/ec2-user/.rvm/gems/ruby-2.6.3/gems/webdrivers-3.9.4/lib/webdrivers/common.rb:93:in `update'[0m
          [36m# /home/ec2-user/.rvm/gems/ruby-2.6.3/gems/webdrivers-3.9.4/lib/webdrivers/chromedriver.rb:177:in `block in <main>'[0m
          [36m# /home/ec2-user/.rvm/gems/ruby-2.6.3/gems/selenium-webdriver-3.142.7/lib/selenium/webdriver/common/service.rb:133:in `binary_path'[0m
          [36m# /home/ec2-user/.rvm/gems/ruby-2.6.3/gems/selenium-webdriver-3.142.7/lib/selenium/webdriver/common/service.rb:94:in `initialize'[0m
          [36m# /home/ec2-user/.rvm/gems/ruby-2.6.3/gems/selenium-webdriver-3.142.7/lib/selenium/webdriver/common/service.rb:41:in `new'[0m
          [36m# /home/ec2-user/.rvm/gems/ruby-2.6.3/gems/selenium-webdriver-3.142.7/lib/selenium/webdriver/common/service.rb:41:in `chrome'[0m
          [36m# /home/ec2-user/.rvm/gems/ruby-2.6.3/gems/selenium-webdriver-3.142.7/lib/selenium/webdriver/common/driver.rb:299:in `service_url'[0m
          [36m# /home/ec2-user/.rvm/gems/ruby-2.6.3/gems/selenium-webdriver-3.142.7/lib/selenium/webdriver/chrome/driver.rb:40:in `initialize'[0m
          [36m# /home/ec2-user/.rvm/gems/ruby-2.6.3/gems/selenium-webdriver-3.142.7/lib/selenium/webdriver/common/driver.rb:46:in `new'[0m
          [36m# /home/ec2-user/.rvm/gems/ruby-2.6.3/gems/selenium-webdriver-3.142.7/lib/selenium/webdriver/common/driver.rb:46:in `for'[0m
          [36m# /home/ec2-user/.rvm/gems/ruby-2.6.3/gems/selenium-webdriver-3.142.7/lib/selenium/webdriver.rb:88:in `for'[0m
          [36m# /home/ec2-user/.rvm/gems/ruby-2.6.3/gems/capybara-3.35.3/lib/capybara/selenium/driver.rb:83:in `browser'[0m
          [36m# /home/ec2-user/.rvm/gems/ruby-2.6.3/gems/capybara-3.35.3/lib/capybara/selenium/driver.rb:104:in `visit'[0m
          [36m# /home/ec2-user/.rvm/gems/ruby-2.6.3/gems/capybara-3.35.3/lib/capybara/session.rb:278:in `visit'[0m
          [36m# /home/ec2-user/.rvm/gems/ruby-2.6.3/gems/capybara-3.35.3/lib/capybara/dsl.rb:58:in `block (2 levels) in <module:DSL>'[0m
          [36m# ./spec/system/01_before_login_spec.rb:6:in `block (3 levels) in <top (required)>'[0m

     2.2) [31mFailure/Error: [0m[1;34;4mSystem[0m.call([31m[1;31m"[0m[31m#{executable}[0m[31m --product-version[1;31m"[0m[31m[0m).strip[0m
          [31m[0m
          [31mNoMethodError:[0m
          [31m  undefined method `strip' for nil:NilClass[0m
          [31m[0m
          [31m[0m
          [31m[0m
          [36m# /home/ec2-user/.rvm/gems/ruby-2.6.3/gems/webdrivers-3.9.4/lib/webdrivers/chromedriver.rb:145:in `chrome_on_linux'[0m
          [36m# /home/ec2-user/.rvm/gems/ruby-2.6.3/gems/webdrivers-3.9.4/lib/webdrivers/chromedriver.rb:45:in `chrome_version'[0m
          [36m# /home/ec2-user/.rvm/gems/ruby-2.6.3/gems/webdrivers-3.9.4/lib/webdrivers/chromedriver.rb:109:in `release_version'[0m
          [36m# /home/ec2-user/.rvm/gems/ruby-2.6.3/gems/webdrivers-3.9.4/lib/webdrivers/chromedriver.rb:31:in `latest_version'[0m
          [36m# /home/ec2-user/.rvm/gems/ruby-2.6.3/gems/webdrivers-3.9.4/lib/webdrivers/common.rb:155:in `correct_binary?'[0m
          [36m# /home/ec2-user/.rvm/gems/ruby-2.6.3/gems/webdrivers-3.9.4/lib/webdrivers/common.rb:93:in `update'[0m
          [36m# /home/ec2-user/.rvm/gems/ruby-2.6.3/gems/webdrivers-3.9.4/lib/webdrivers/chromedriver.rb:177:in `block in <main>'[0m
          [36m# /home/ec2-user/.rvm/gems/ruby-2.6.3/gems/selenium-webdriver-3.142.7/lib/selenium/webdriver/common/service.rb:133:in `binary_path'[0m
          [36m# /home/ec2-user/.rvm/gems/ruby-2.6.3/gems/selenium-webdriver-3.142.7/lib/selenium/webdriver/common/service.rb:94:in `initialize'[0m
          [36m# /home/ec2-user/.rvm/gems/ruby-2.6.3/gems/selenium-webdriver-3.142.7/lib/selenium/webdriver/common/service.rb:41:in `new'[0m
          [36m# /home/ec2-user/.rvm/gems/ruby-2.6.3/gems/selenium-webdriver-3.142.7/lib/selenium/webdriver/common/service.rb:41:in `chrome'[0m
          [36m# /home/ec2-user/.rvm/gems/ruby-2.6.3/gems/selenium-webdriver-3.142.7/lib/selenium/webdriver/common/driver.rb:299:in `service_url'[0m
          [36m# /home/ec2-user/.rvm/gems/ruby-2.6.3/gems/selenium-webdriver-3.142.7/lib/selenium/webdriver/chrome/driver.rb:40:in `initialize'[0m
          [36m# /home/ec2-user/.rvm/gems/ruby-2.6.3/gems/selenium-webdriver-3.142.7/lib/selenium/webdriver/common/driver.rb:46:in `new'[0m
          [36m# /home/ec2-user/.rvm/gems/ruby-2.6.3/gems/selenium-webdriver-3.142.7/lib/selenium/webdriver/common/driver.rb:46:in `for'[0m
          [36m# /home/ec2-user/.rvm/gems/ruby-2.6.3/gems/selenium-webdriver-3.142.7/lib/selenium/webdriver.rb:88:in `for'[0m
          [36m# /home/ec2-user/.rvm/gems/ruby-2.6.3/gems/capybara-3.35.3/lib/capybara/selenium/driver.rb:83:in `browser'[0m
          [36m# /home/ec2-user/.rvm/gems/ruby-2.6.3/gems/capybara-3.35.3/lib/capybara/selenium/driver.rb:156:in `save_screenshot'[0m
          [36m# /home/ec2-user/.rvm/gems/ruby-2.6.3/gems/capybara-3.35.3/lib/capybara/session.rb:735:in `block in save_screenshot'[0m
          [36m# /home/ec2-user/.rvm/gems/ruby-2.6.3/gems/capybara-3.35.3/lib/capybara/session.rb:735:in `tap'[0m
          [36m# /home/ec2-user/.rvm/gems/ruby-2.6.3/gems/capybara-3.35.3/lib/capybara/session.rb:735:in `save_screenshot'[0m

  3) [STEP1] ãƒ¦ãƒ¼ã‚¶ãƒ­ã‚°ã‚¤ãƒ³å‰ã®ãƒ†ã‚¹ãƒˆ ãƒˆãƒƒãƒ—ç”»é¢ã®ãƒ†ã‚¹ãƒˆ è¡¨ç¤ºå†…å®¹ã®ç¢ºèª ä»Šã™ãã¯ã˜ã‚ã‚‹ï¼ˆæ–°è¦ç™»éŒ²ï¼‰ãƒªãƒ³ã‚¯ãŒè¡¨ç¤ºã•ã‚Œã‚‹
     [31mGot 0 failures and 2 other errors:[0m

     3.1) [31mFailure/Error: [0mvisit root_path[0m
          [31m[0m
          [31mNoMethodError:[0m
          [31m  undefined method `strip' for nil:NilClass[0m
          [31m[0m
          [31m[0m
          [31m[0m
          [36m# /home/ec2-user/.rvm/gems/ruby-2.6.3/gems/webdrivers-3.9.4/lib/webdrivers/chromedriver.rb:145:in `chrome_on_linux'[0m
          [36m# /home/ec2-user/.rvm/gems/ruby-2.6.3/gems/webdrivers-3.9.4/lib/webdrivers/chromedriver.rb:45:in `chrome_version'[0m
          [36m# /home/ec2-user/.rvm/gems/ruby-2.6.3/gems/webdrivers-3.9.4/lib/webdrivers/chromedriver.rb:109:in `release_version'[0m
          [36m# /home/ec2-user/.rvm/gems/ruby-2.6.3/gems/webdrivers-3.9.4/lib/webdrivers/chromedriver.rb:31:in `latest_version'[0m
          [36m# /home/ec2-user/.rvm/gems/ruby-2.6.3/gems/webdrivers-3.9.4/lib/webdrivers/common.rb:155:in `correct_binary?'[0m
          [36m# /home/ec2-user/.rvm/gems/ruby-2.6.3/gems/webdrivers-3.9.4/lib/webdrivers/common.rb:93:in `update'[0m
          [36m# /home/ec2-user/.rvm/gems/ruby-2.6.3/gems/webdrivers-3.9.4/lib/webdrivers/chromedriver.rb:177:in `block in <main>'[0m
          [36m# /home/ec2-user/.rvm/gems/ruby-2.6.3/gems/selenium-webdriver-3.142.7/lib/selenium/webdriver/common/service.rb:133:in `binary_path'[0m
          [36m# /home/ec2-user/.rvm/gems/ruby-2.6.3/gems/selenium-webdriver-3.142.7/lib/selenium/webdriver/common/service.rb:94:in `initialize'[0m
          [36m# /home/ec2-user/.rvm/gems/ruby-2.6.3/gems/selenium-webdriver-3.142.7/lib/selenium/webdriver/common/service.rb:41:in `new'[0m
          [36m# /home/ec2-user/.rvm/gems/ruby-2.6.3/gems/selenium-webdriver-3.142.7/lib/selenium/webdriver/common/service.rb:41:in `chrome'[0m
          [36m# /home/ec2-user/.rvm/gems/ruby-2.6.3/gems/selenium-webdriver-3.142.7/lib/selenium/webdriver/common/driver.rb:299:in `service_url'[0m
          [36m# /home/ec2-user/.rvm/gems/ruby-2.6.3/gems/selenium-webdriver-3.142.7/lib/selenium/webdriver/chrome/driver.rb:40:in `initialize'[0m
          [36m# /home/ec2-user/.rvm/gems/ruby-2.6.3/gems/selenium-webdriver-3.142.7/lib/selenium/webdriver/common/driver.rb:46:in `new'[0m
          [36m# /home/ec2-user/.rvm/gems/ruby-2.6.3/gems/selenium-webdriver-3.142.7/lib/selenium/webdriver/common/driver.rb:46:in `for'[0m
          [36m# /home/ec2-user/.rvm/gems/ruby-2.6.3/gems/selenium-webdriver-3.142.7/lib/selenium/webdriver.rb:88:in `for'[0m
          [36m# /home/ec2-user/.rvm/gems/ruby-2.6.3/gems/capybara-3.35.3/lib/capybara/selenium/driver.rb:83:in `browser'[0m
          [36m# /home/ec2-user/.rvm/gems/ruby-2.6.3/gems/capybara-3.35.3/lib/capybara/selenium/driver.rb:104:in `visit'[0m
          [36m# /home/ec2-user/.rvm/gems/ruby-2.6.3/gems/capybara-3.35.3/lib/capybara/session.rb:278:in `visit'[0m
          [36m# /home/ec2-user/.rvm/gems/ruby-2.6.3/gems/capybara-3.35.3/lib/capybara/dsl.rb:58:in `block (2 levels) in <module:DSL>'[0m
          [36m# ./spec/system/01_before_login_spec.rb:6:in `block (3 levels) in <top (required)>'[0m

     3.2) [31mFailure/Error: [0m[1;34;4mSystem[0m.call([31m[1;31m"[0m[31m#{executable}[0m[31m --product-version[1;31m"[0m[31m[0m).strip[0m
          [31m[0m
          [31mNoMethodError:[0m
          [31m  undefined method `strip' for nil:NilClass[0m
          [31m[0m
          [31m[0m
          [31m[0m
          [36m# /home/ec2-user/.rvm/gems/ruby-2.6.3/gems/webdrivers-3.9.4/lib/webdrivers/chromedriver.rb:145:in `chrome_on_linux'[0m
          [36m# /home/ec2-user/.rvm/gems/ruby-2.6.3/gems/webdrivers-3.9.4/lib/webdrivers/chromedriver.rb:45:in `chrome_version'[0m
          [36m# /home/ec2-user/.rvm/gems/ruby-2.6.3/gems/webdrivers-3.9.4/lib/webdrivers/chromedriver.rb:109:in `release_version'[0m
          [36m# /home/ec2-user/.rvm/gems/ruby-2.6.3/gems/webdrivers-3.9.4/lib/webdrivers/chromedriver.rb:31:in `latest_version'[0m
          [36m# /home/ec2-user/.rvm/gems/ruby-2.6.3/gems/webdrivers-3.9.4/lib/webdrivers/common.rb:155:in `correct_binary?'[0m
          [36m# /home/ec2-user/.rvm/gems/ruby-2.6.3/gems/webdrivers-3.9.4/lib/webdrivers/common.rb:93:in `update'[0m
          [36m# /home/ec2-user/.rvm/gems/ruby-2.6.3/gems/webdrivers-3.9.4/lib/webdrivers/chromedriver.rb:177:in `block in <main>'[0m
          [36m# /home/ec2-user/.rvm/gems/ruby-2.6.3/gems/selenium-webdriver-3.142.7/lib/selenium/webdriver/common/service.rb:133:in `binary_path'[0m
          [36m# /home/ec2-user/.rvm/gems/ruby-2.6.3/gems/selenium-webdriver-3.142.7/lib/selenium/webdriver/common/service.rb:94:in `initialize'[0m
          [36m# /home/ec2-user/.rvm/gems/ruby-2.6.3/gems/selenium-webdriver-3.142.7/lib/selenium/webdriver/common/service.rb:41:in `new'[0m
          [36m# /home/ec2-user/.rvm/gems/ruby-2.6.3/gems/selenium-webdriver-3.142.7/lib/selenium/webdriver/common/service.rb:41:in `chrome'[0m
          [36m# /home/ec2-user/.rvm/gems/ruby-2.6.3/gems/selenium-webdriver-3.142.7/lib/selenium/webdriver/common/driver.rb:299:in `service_url'[0m
          [36m# /home/ec2-user/.rvm/gems/ruby-2.6.3/gems/selenium-webdriver-3.142.7/lib/selenium/webdriver/chrome/driver.rb:40:in `initialize'[0m
          [36m# /home/ec2-user/.rvm/gems/ruby-2.6.3/gems/selenium-webdriver-3.142.7/lib/selenium/webdriver/common/driver.rb:46:in `new'[0m
          [36m# /home/ec2-user/.rvm/gems/ruby-2.6.3/gems/selenium-webdriver-3.142.7/lib/selenium/webdriver/common/driver.rb:46:in `for'[0m
          [36m# /home/ec2-user/.rvm/gems/ruby-2.6.3/gems/selenium-webdriver-3.142.7/lib/selenium/webdriver.rb:88:in `for'[0m
          [36m# /home/ec2-user/.rvm/gems/ruby-2.6.3/gems/capybara-3.35.3/lib/capybara/selenium/driver.rb:83:in `browser'[0m
          [36m# /home/ec2-user/.rvm/gems/ruby-2.6.3/gems/capybara-3.35.3/lib/capybara/selenium/driver.rb:156:in `save_screenshot'[0m
          [36m# /home/ec2-user/.rvm/gems/ruby-2.6.3/gems/capybara-3.35.3/lib/capybara/session.rb:735:in `block in save_screenshot'[0m
          [36m# /home/ec2-user/.rvm/gems/ruby-2.6.3/gems/capybara-3.35.3/lib/capybara/session.rb:735:in `tap'[0m
          [36m# /home/ec2-user/.rvm/gems/ruby-2.6.3/gems/capybara-3.35.3/lib/capybara/session.rb:735:in `save_screenshot'[0m

  4) [STEP1] ãƒ¦ãƒ¼ã‚¶ãƒ­ã‚°ã‚¤ãƒ³å‰ã®ãƒ†ã‚¹ãƒˆ ãƒˆãƒƒãƒ—ç”»é¢ã®ãƒ†ã‚¹ãƒˆ è¡¨ç¤ºå†…å®¹ã®ç¢ºèª ãŠå•ã„åˆã‚ã›ãƒªãƒ³ã‚¯ãŒè¡¨ç¤ºã•ã‚Œã‚‹
     [31mGot 0 failures and 2 other errors:[0m

     4.1) [31mFailure/Error: [0mvisit root_path[0m
          [31m[0m
          [31mNoMethodError:[0m
          [31m  undefined method `strip' for nil:NilClass[0m
          [31m[0m
          [31m[0m
          [31m[0m
          [36m# /home/ec2-user/.rvm/gems/ruby-2.6.3/gems/webdrivers-3.9.4/lib/webdrivers/chromedriver.rb:145:in `chrome_on_linux'[0m
          [36m# /home/ec2-user/.rvm/gems/ruby-2.6.3/gems/webdrivers-3.9.4/lib/webdrivers/chromedriver.rb:45:in `chrome_version'[0m
          [36m# /home/ec2-user/.rvm/gems/ruby-2.6.3/gems/webdrivers-3.9.4/lib/webdrivers/chromedriver.rb:109:in `release_version'[0m
          [36m# /home/ec2-user/.rvm/gems/ruby-2.6.3/gems/webdrivers-3.9.4/lib/webdrivers/chromedriver.rb:31:in `latest_version'[0m
          [36m# /home/ec2-user/.rvm/gems/ruby-2.6.3/gems/webdrivers-3.9.4/lib/webdrivers/common.rb:155:in `correct_binary?'[0m
          [36m# /home/ec2-user/.rvm/gems/ruby-2.6.3/gems/webdrivers-3.9.4/lib/webdrivers/common.rb:93:in `update'[0m
          [36m# /home/ec2-user/.rvm/gems/ruby-2.6.3/gems/webdrivers-3.9.4/lib/webdrivers/chromedriver.rb:177:in `block in <main>'[0m
          [36m# /home/ec2-user/.rvm/gems/ruby-2.6.3/gems/selenium-webdriver-3.142.7/lib/selenium/webdriver/common/service.rb:133:in `binary_path'[0m
          [36m# /home/ec2-user/.rvm/gems/ruby-2.6.3/gems/selenium-webdriver-3.142.7/lib/selenium/webdriver/common/service.rb:94:in `initialize'[0m
          [36m# /home/ec2-user/.rvm/gems/ruby-2.6.3/gems/selenium-webdriver-3.142.7/lib/selenium/webdriver/common/service.rb:41:in `new'[0m
          [36m# /home/ec2-user/.rvm/gems/ruby-2.6.3/gems/selenium-webdriver-3.142.7/lib/selenium/webdriver/common/service.rb:41:in `chrome'[0m
          [36m# /home/ec2-user/.rvm/gems/ruby-2.6.3/gems/selenium-webdriver-3.142.7/lib/selenium/webdriver/common/driver.rb:299:in `service_url'[0m
          [36m# /home/ec2-user/.rvm/gems/ruby-2.6.3/gems/selenium-webdriver-3.142.7/lib/selenium/webdriver/chrome/driver.rb:40:in `initialize'[0m
          [36m# /home/ec2-user/.rvm/gems/ruby-2.6.3/gems/selenium-webdriver-3.142.7/lib/selenium/webdriver/common/driver.rb:46:in `new'[0m
          [36m# /home/ec2-user/.rvm/gems/ruby-2.6.3/gems/selenium-webdriver-3.142.7/lib/selenium/webdriver/common/driver.rb:46:in `for'[0m
          [36m# /home/ec2-user/.rvm/gems/ruby-2.6.3/gems/selenium-webdriver-3.142.7/lib/selenium/webdriver.rb:88:in `for'[0m
          [36m# /home/ec2-user/.rvm/gems/ruby-2.6.3/gems/capybara-3.35.3/lib/capybara/selenium/driver.rb:83:in `browser'[0m
          [36m# /home/ec2-user/.rvm/gems/ruby-2.6.3/gems/capybara-3.35.3/lib/capybara/selenium/driver.rb:104:in `visit'[0m
          [36m# /home/ec2-user/.rvm/gems/ruby-2.6.3/gems/capybara-3.35.3/lib/capybara/session.rb:278:in `visit'[0m
          [36m# /home/ec2-user/.rvm/gems/ruby-2.6.3/gems/capybara-3.35.3/lib/capybara/dsl.rb:58:in `block (2 levels) in <module:DSL>'[0m
          [36m# ./spec/system/01_before_login_spec.rb:6:in `block (3 levels) in <top (required)>'[0m

     4.2) [31mFailure/Error: [0m[1;34;4mSystem[0m.call([31m[1;31m"[0m[31m#{executable}[0m[31m --product-version[1;31m"[0m[31m[0m).strip[0m
          [31m[0m
          [31mNoMethodError:[0m
          [31m  undefined method `strip' for nil:NilClass[0m
          [31m[0m
          [31m[0m
          [31m[0m
          [36m# /home/ec2-user/.rvm/gems/ruby-2.6.3/gems/webdrivers-3.9.4/lib/webdrivers/chromedriver.rb:145:in `chrome_on_linux'[0m
          [36m# /home/ec2-user/.rvm/gems/ruby-2.6.3/gems/webdrivers-3.9.4/lib/webdrivers/chromedriver.rb:45:in `chrome_version'[0m
          [36m# /home/ec2-user/.rvm/gems/ruby-2.6.3/gems/webdrivers-3.9.4/lib/webdrivers/chromedriver.rb:109:in `release_version'[0m
          [36m# /home/ec2-user/.rvm/gems/ruby-2.6.3/gems/webdrivers-3.9.4/lib/webdrivers/chromedriver.rb:31:in `latest_version'[0m
          [36m# /home/ec2-user/.rvm/gems/ruby-2.6.3/gems/webdrivers-3.9.4/lib/webdrivers/common.rb:155:in `correct_binary?'[0m
          [36m# /home/ec2-user/.rvm/gems/ruby-2.6.3/gems/webdrivers-3.9.4/lib/webdrivers/common.rb:93:in `update'[0m
          [36m# /home/ec2-user/.rvm/gems/ruby-2.6.3/gems/webdrivers-3.9.4/lib/webdrivers/chromedriver.rb:177:in `block in <main>'[0m
          [36m# /home/ec2-user/.rvm/gems/ruby-2.6.3/gems/selenium-webdriver-3.142.7/lib/selenium/webdriver/common/service.rb:133:in `binary_path'[0m
          [36m# /home/ec2-user/.rvm/gems/ruby-2.6.3/gems/selenium-webdriver-3.142.7/lib/selenium/webdriver/common/service.rb:94:in `initialize'[0m
          [36m# /home/ec2-user/.rvm/gems/ruby-2.6.3/gems/selenium-webdriver-3.142.7/lib/selenium/webdriver/common/service.rb:41:in `new'[0m
          [36m# /home/ec2-user/.rvm/gems/ruby-2.6.3/gems/selenium-webdriver-3.142.7/lib/selenium/webdriver/common/service.rb:41:in `chrome'[0m
          [36m# /home/ec2-user/.rvm/gems/ruby-2.6.3/gems/selenium-webdriver-3.142.7/lib/selenium/webdriver/common/driver.rb:299:in `service_url'[0m
          [36m# /home/ec2-user/.rvm/gems/ruby-2.6.3/gems/selenium-webdriver-3.142.7/lib/selenium/webdriver/chrome/driver.rb:40:in `initialize'[0m
          [36m# /home/ec2-user/.rvm/gems/ruby-2.6.3/gems/selenium-webdriver-3.142.7/lib/selenium/webdriver/common/driver.rb:46:in `new'[0m
          [36m# /home/ec2-user/.rvm/gems/ruby-2.6.3/gems/selenium-webdriver-3.142.7/lib/selenium/webdriver/common/driver.rb:46:in `for'[0m
          [36m# /home/ec2-user/.rvm/gems/ruby-2.6.3/gems/selenium-webdriver-3.142.7/lib/selenium/webdriver.rb:88:in `for'[0m
          [36m# /home/ec2-user/.rvm/gems/ruby-2.6.3/gems/capybara-3.35.3/lib/capybara/selenium/driver.rb:83:in `browser'[0m
          [36m# /home/ec2-user/.rvm/gems/ruby-2.6.3/gems/capybara-3.35.3/lib/capybara/selenium/driver.rb:156:in `save_screenshot'[0m
          [36m# /home/ec2-user/.rvm/gems/ruby-2.6.3/gems/capybara-3.35.3/lib/capybara/session.rb:735:in `block in save_screenshot'[0m
          [36m# /home/ec2-user/.rvm/gems/ruby-2.6.3/gems/capybara-3.35.3/lib/capybara/session.rb:735:in `tap'[0m
          [36m# /home/ec2-user/.rvm/gems/ruby-2.6.3/gems/capybara-3.35.3/lib/capybara/session.rb:735:in `save_screenshot'[0m

  5) [STEP1] ãƒ¦ãƒ¼ã‚¶ãƒ­ã‚°ã‚¤ãƒ³å‰ã®ãƒ†ã‚¹ãƒˆ ãŠå•ã„åˆã‚ã›ç”»é¢ã®ãƒ†ã‚¹ãƒˆ ãŠå•ã„åˆã‚ã›ãƒ•ã‚©ãƒ¼ãƒ è¡¨ç¤ºå†…å®¹ã®ç¢ºèª URLãŒæ­£ã—ã„
     [31mGot 0 failures and 2 other errors:[0m

     5.1) [31mFailure/Error: [0mvisit [31m[1;31m'[0m[31m/contacts/new[1;31m'[0m[31m[0m[0m
          [31m[0m
          [31mNoMethodError:[0m
          [31m  undefined method `strip' for nil:NilClass[0m
          [31m[0m
          [31m[0m
          [31m[0m
          [36m# /home/ec2-user/.rvm/gems/ruby-2.6.3/gems/webdrivers-3.9.4/lib/webdrivers/chromedriver.rb:145:in `chrome_on_linux'[0m
          [36m# /home/ec2-user/.rvm/gems/ruby-2.6.3/gems/webdrivers-3.9.4/lib/webdrivers/chromedriver.rb:45:in `chrome_version'[0m
          [36m# /home/ec2-user/.rvm/gems/ruby-2.6.3/gems/webdrivers-3.9.4/lib/webdrivers/chromedriver.rb:109:in `release_version'[0m
          [36m# /home/ec2-user/.rvm/gems/ruby-2.6.3/gems/webdrivers-3.9.4/lib/webdrivers/chromedriver.rb:31:in `latest_version'[0m
          [36m# /home/ec2-user/.rvm/gems/ruby-2.6.3/gems/webdrivers-3.9.4/lib/webdrivers/common.rb:155:in `correct_binary?'[0m
          [36m# /home/ec2-user/.rvm/gems/ruby-2.6.3/gems/webdrivers-3.9.4/lib/webdrivers/common.rb:93:in `update'[0m
          [36m# /home/ec2-user/.rvm/gems/ruby-2.6.3/gems/webdrivers-3.9.4/lib/webdrivers/chromedriver.rb:177:in `block in <main>'[0m
          [36m# /home/ec2-user/.rvm/gems/ruby-2.6.3/gems/selenium-webdriver-3.142.7/lib/selenium/webdriver/common/service.rb:133:in `binary_path'[0m
          [36m# /home/ec2-user/.rvm/gems/ruby-2.6.3/gems/selenium-webdriver-3.142.7/lib/selenium/webdriver/common/service.rb:94:in `initialize'[0m
          [36m# /home/ec2-user/.rvm/gems/ruby-2.6.3/gems/selenium-webdriver-3.142.7/lib/selenium/webdriver/common/service.rb:41:in `new'[0m
          [36m# /home/ec2-user/.rvm/gems/ruby-2.6.3/gems/selenium-webdriver-3.142.7/lib/selenium/webdriver/common/service.rb:41:in `chrome'[0m
          [36m# /home/ec2-user/.rvm/gems/ruby-2.6.3/gems/selenium-webdriver-3.142.7/lib/selenium/webdriver/common/driver.rb:299:in `service_url'[0m
          [36m# /home/ec2-user/.rvm/gems/ruby-2.6.3/gems/selenium-webdriver-3.142.7/lib/selenium/webdriver/chrome/driver.rb:40:in `initialize'[0m
          [36m# /home/ec2-user/.rvm/gems/ruby-2.6.3/gems/selenium-webdriver-3.142.7/lib/selenium/webdriver/common/driver.rb:46:in `new'[0m
          [36m# /home/ec2-user/.rvm/gems/ruby-2.6.3/gems/selenium-webdriver-3.142.7/lib/selenium/webdriver/common/driver.rb:46:in `for'[0m
          [36m# /home/ec2-user/.rvm/gems/ruby-2.6.3/gems/selenium-webdriver-3.142.7/lib/selenium/webdriver.rb:88:in `for'[0m
          [36m# /home/ec2-user/.rvm/gems/ruby-2.6.3/gems/capybara-3.35.3/lib/capybara/selenium/driver.rb:83:in `browser'[0m
          [36m# /home/ec2-user/.rvm/gems/ruby-2.6.3/gems/capybara-3.35.3/lib/capybara/selenium/driver.rb:104:in `visit'[0m
          [36m# /home/ec2-user/.rvm/gems/ruby-2.6.3/gems/capybara-3.35.3/lib/capybara/session.rb:278:in `visit'[0m
          [36m# /home/ec2-user/.rvm/gems/ruby-2.6.3/gems/capybara-3.35.3/lib/capybara/dsl.rb:58:in `block (2 levels) in <module:DSL>'[0m
          [36m# ./spec/system/01_before_login_spec.rb:27:in `block (3 levels) in <top (required)>'[0m

     5.2) [31mFailure/Error: [0m[1;34;4mSystem[0m.call([31m[1;31m"[0m[31m#{executable}[0m[31m --product-version[1;31m"[0m[31m[0m).strip[0m
          [31m[0m
          [31mNoMethodError:[0m
          [31m  undefined method `strip' for nil:NilClass[0m
          [31m[0m
          [31m[0m
          [31m[0m
          [36m# /home/ec2-user/.rvm/gems/ruby-2.6.3/gems/webdrivers-3.9.4/lib/webdrivers/chromedriver.rb:145:in `chrome_on_linux'[0m
          [36m# /home/ec2-user/.rvm/gems/ruby-2.6.3/gems/webdrivers-3.9.4/lib/webdrivers/chromedriver.rb:45:in `chrome_version'[0m
          [36m# /home/ec2-user/.rvm/gems/ruby-2.6.3/gems/webdrivers-3.9.4/lib/webdrivers/chromedriver.rb:109:in `release_version'[0m
          [36m# /home/ec2-user/.rvm/gems/ruby-2.6.3/gems/webdrivers-3.9.4/lib/webdrivers/chromedriver.rb:31:in `latest_version'[0m
          [36m# /home/ec2-user/.rvm/gems/ruby-2.6.3/gems/webdrivers-3.9.4/lib/webdrivers/common.rb:155:in `correct_binary?'[0m
          [36m# /home/ec2-user/.rvm/gems/ruby-2.6.3/gems/webdrivers-3.9.4/lib/webdrivers/common.rb:93:in `update'[0m
          [36m# /home/ec2-user/.rvm/gems/ruby-2.6.3/gems/webdrivers-3.9.4/lib/webdrivers/chromedriver.rb:177:in `block in <main>'[0m
          [36m# /home/ec2-user/.rvm/gems/ruby-2.6.3/gems/selenium-webdriver-3.142.7/lib/selenium/webdriver/common/service.rb:133:in `binary_path'[0m
          [36m# /home/ec2-user/.rvm/gems/ruby-2.6.3/gems/selenium-webdriver-3.142.7/lib/selenium/webdriver/common/service.rb:94:in `initialize'[0m
          [36m# /home/ec2-user/.rvm/gems/ruby-2.6.3/gems/selenium-webdriver-3.142.7/lib/selenium/webdriver/common/service.rb:41:in `new'[0m
          [36m# /home/ec2-user/.rvm/gems/ruby-2.6.3/gems/selenium-webdriver-3.142.7/lib/selenium/webdriver/common/service.rb:41:in `chrome'[0m
          [36m# /home/ec2-user/.rvm/gems/ruby-2.6.3/gems/selenium-webdriver-3.142.7/lib/selenium/webdriver/common/driver.rb:299:in `service_url'[0m
          [36m# /home/ec2-user/.rvm/gems/ruby-2.6.3/gems/selenium-webdriver-3.142.7/lib/selenium/webdriver/chrome/driver.rb:40:in `initialize'[0m
          [36m# /home/ec2-user/.rvm/gems/ruby-2.6.3/gems/selenium-webdriver-3.142.7/lib/selenium/webdriver/common/driver.rb:46:in `new'[0m
          [36m# /home/ec2-user/.rvm/gems/ruby-2.6.3/gems/selenium-webdriver-3.142.7/lib/selenium/webdriver/common/driver.rb:46:in `for'[0m
          [36m# /home/ec2-user/.rvm/gems/ruby-2.6.3/gems/selenium-webdriver-3.142.7/lib/selenium/webdriver.rb:88:in `for'[0m
          [36m# /home/ec2-user/.rvm/gems/ruby-2.6.3/gems/capybara-3.35.3/lib/capybara/selenium/driver.rb:83:in `browser'[0m
          [36m# /home/ec2-user/.rvm/gems/ruby-2.6.3/gems/capybara-3.35.3/lib/capybara/selenium/driver.rb:156:in `save_screenshot'[0m
          [36m# /home/ec2-user/.rvm/gems/ruby-2.6.3/gems/capybara-3.35.3/lib/capybara/session.rb:735:in `block in save_screenshot'[0m
          [36m# /home/ec2-user/.rvm/gems/ruby-2.6.3/gems/capybara-3.35.3/lib/capybara/session.rb:735:in `tap'[0m
          [36m# /home/ec2-user/.rvm/gems/ruby-2.6.3/gems/capybara-3.35.3/lib/capybara/session.rb:735:in `save_screenshot'[0m

  6) [STEP1] ãƒ¦ãƒ¼ã‚¶ãƒ­ã‚°ã‚¤ãƒ³å‰ã®ãƒ†ã‚¹ãƒˆ ãŠå•ã„åˆã‚ã›ç”»é¢ã®ãƒ†ã‚¹ãƒˆ ãŠå•ã„åˆã‚ã›ãƒ•ã‚©ãƒ¼ãƒ è¡¨ç¤ºå†…å®¹ã®ç¢ºèª ã€ŒãŠå•ã„åˆã‚ã›ã€ã¨è¡¨ç¤ºã•ã‚Œã‚‹
     [31mGot 0 failures and 2 other errors:[0m

     6.1) [31mFailure/Error: [0mvisit [31m[1;31m'[0m[31m/contacts/new[1;31m'[0m[31m[0m[0m
          [31m[0m
          [31mNoMethodError:[0m
          [31m  undefined method `strip' for nil:NilClass[0m
          [31m[0m
          [31m[0m
          [31m[0m
          [36m# /home/ec2-user/.rvm/gems/ruby-2.6.3/gems/webdrivers-3.9.4/lib/webdrivers/chromedriver.rb:145:in `chrome_on_linux'[0m
          [36m# /home/ec2-user/.rvm/gems/ruby-2.6.3/gems/webdrivers-3.9.4/lib/webdrivers/chromedriver.rb:45:in `chrome_version'[0m
          [36m# /home/ec2-user/.rvm/gems/ruby-2.6.3/gems/webdrivers-3.9.4/lib/webdrivers/chromedriver.rb:109:in `release_version'[0m
          [36m# /home/ec2-user/.rvm/gems/ruby-2.6.3/gems/webdrivers-3.9.4/lib/webdrivers/chromedriver.rb:31:in `latest_version'[0m
          [36m# /home/ec2-user/.rvm/gems/ruby-2.6.3/gems/webdrivers-3.9.4/lib/webdrivers/common.rb:155:in `correct_binary?'[0m
          [36m# /home/ec2-user/.rvm/gems/ruby-2.6.3/gems/webdrivers-3.9.4/lib/webdrivers/common.rb:93:in `update'[0m
          [36m# /home/ec2-user/.rvm/gems/ruby-2.6.3/gems/webdrivers-3.9.4/lib/webdrivers/chromedriver.rb:177:in `block in <main>'[0m
          [36m# /home/ec2-user/.rvm/gems/ruby-2.6.3/gems/selenium-webdriver-3.142.7/lib/selenium/webdriver/common/service.rb:133:in `binary_path'[0m
          [36m# /home/ec2-user/.rvm/gems/ruby-2.6.3/gems/selenium-webdriver-3.142.7/lib/selenium/webdriver/common/service.rb:94:in `initialize'[0m
          [36m# /home/ec2-user/.rvm/gems/ruby-2.6.3/gems/selenium-webdriver-3.142.7/lib/selenium/webdriver/common/service.rb:41:in `new'[0m
          [36m# /home/ec2-user/.rvm/gems/ruby-2.6.3/gems/selenium-webdriver-3.142.7/lib/selenium/webdriver/common/service.rb:41:in `chrome'[0m
          [36m# /home/ec2-user/.rvm/gems/ruby-2.6.3/gems/selenium-webdriver-3.142.7/lib/selenium/webdriver/common/driver.rb:299:in `service_url'[0m
          [36m# /home/ec2-user/.rvm/gems/ruby-2.6.3/gems/selenium-webdriver-3.142.7/lib/selenium/webdriver/chrome/driver.rb:40:in `initialize'[0m
          [36m# /home/ec2-user/.rvm/gems/ruby-2.6.3/gems/selenium-webdriver-3.142.7/lib/selenium/webdriver/common/driver.rb:46:in `new'[0m
          [36m# /home/ec2-user/.rvm/gems/ruby-2.6.3/gems/selenium-webdriver-3.142.7/lib/selenium/webdriver/common/driver.rb:46:in `for'[0m
          [36m# /home/ec2-user/.rvm/gems/ruby-2.6.3/gems/selenium-webdriver-3.142.7/lib/selenium/webdriver.rb:88:in `for'[0m
          [36m# /home/ec2-user/.rvm/gems/ruby-2.6.3/gems/capybara-3.35.3/lib/capybara/selenium/driver.rb:83:in `browser'[0m
          [36m# /home/ec2-user/.rvm/gems/ruby-2.6.3/gems/capybara-3.35.3/lib/capybara/selenium/driver.rb:104:in `visit'[0m
          [36m# /home/ec2-user/.rvm/gems/ruby-2.6.3/gems/capybara-3.35.3/lib/capybara/session.rb:278:in `visit'[0m
          [36m# /home/ec2-user/.rvm/gems/ruby-2.6.3/gems/capybara-3.35.3/lib/capybara/dsl.rb:58:in `block (2 levels) in <module:DSL>'[0m
          [36m# ./spec/system/01_before_login_spec.rb:27:in `block (3 levels) in <top (required)>'[0m

     6.2) [31mFailure/Error: [0m[1;34;4mSystem[0m.call([31m[1;31m"[0m[31m#{executable}[0m[31m --product-version[1;31m"[0m[31m[0m).strip[0m
          [31m[0m
          [31mNoMethodError:[0m
          [31m  undefined method `strip' for nil:NilClass[0m
          [31m[0m
          [31m[0m
          [31m[0m
          [36m# /home/ec2-user/.rvm/gems/ruby-2.6.3/gems/webdrivers-3.9.4/lib/webdrivers/chromedriver.rb:145:in `chrome_on_linux'[0m
          [36m# /home/ec2-user/.rvm/gems/ruby-2.6.3/gems/webdrivers-3.9.4/lib/webdrivers/chromedriver.rb:45:in `chrome_version'[0m
          [36m# /home/ec2-user/.rvm/gems/ruby-2.6.3/gems/webdrivers-3.9.4/lib/webdrivers/chromedriver.rb:109:in `release_version'[0m
          [36m# /home/ec2-user/.rvm/gems/ruby-2.6.3/gems/webdrivers-3.9.4/lib/webdrivers/chromedriver.rb:31:in `latest_version'[0m
          [36m# /home/ec2-user/.rvm/gems/ruby-2.6.3/gems/webdrivers-3.9.4/lib/webdrivers/common.rb:155:in `correct_binary?'[0m
          [36m# /home/ec2-user/.rvm/gems/ruby-2.6.3/gems/webdrivers-3.9.4/lib/webdrivers/common.rb:93:in `update'[0m
          [36m# /home/ec2-user/.rvm/gems/ruby-2.6.3/gems/webdrivers-3.9.4/lib/webdrivers/chromedriver.rb:177:in `block in <main>'[0m
          [36m# /home/ec2-user/.rvm/gems/ruby-2.6.3/gems/selenium-webdriver-3.142.7/lib/selenium/webdriver/common/service.rb:133:in `binary_path'[0m
          [36m# /home/ec2-user/.rvm/gems/ruby-2.6.3/gems/selenium-webdriver-3.142.7/lib/selenium/webdriver/common/service.rb:94:in `initialize'[0m
          [36m# /home/ec2-user/.rvm/gems/ruby-2.6.3/gems/selenium-webdriver-3.142.7/lib/selenium/webdriver/common/service.rb:41:in `new'[0m
          [36m# /home/ec2-user/.rvm/gems/ruby-2.6.3/gems/selenium-webdriver-3.142.7/lib/selenium/webdriver/common/service.rb:41:in `chrome'[0m
          [36m# /home/ec2-user/.rvm/gems/ruby-2.6.3/gems/selenium-webdriver-3.142.7/lib/selenium/webdriver/common/driver.rb:299:in `service_url'[0m
          [36m# /home/ec2-user/.rvm/gems/ruby-2.6.3/gems/selenium-webdriver-3.142.7/lib/selenium/webdriver/chrome/driver.rb:40:in `initialize'[0m
          [36m# /home/ec2-user/.rvm/gems/ruby-2.6.3/gems/selenium-webdriver-3.142.7/lib/selenium/webdriver/common/driver.rb:46:in `new'[0m
          [36m# /home/ec2-user/.rvm/gems/ruby-2.6.3/gems/selenium-webdriver-3.142.7/lib/selenium/webdriver/common/driver.rb:46:in `for'[0m
          [36m# /home/ec2-user/.rvm/gems/ruby-2.6.3/gems/selenium-webdriver-3.142.7/lib/selenium/webdriver.rb:88:in `for'[0m
          [36m# /home/ec2-user/.rvm/gems/ruby-2.6.3/gems/capybara-3.35.3/lib/capybara/selenium/driver.rb:83:in `browser'[0m
          [36m# /home/ec2-user/.rvm/gems/ruby-2.6.3/gems/capybara-3.35.3/lib/capybara/selenium/driver.rb:156:in `save_screenshot'[0m
          [36m# /home/ec2-user/.rvm/gems/ruby-2.6.3/gems/capybara-3.35.3/lib/capybara/session.rb:735:in `block in save_screenshot'[0m
          [36m# /home/ec2-user/.rvm/gems/ruby-2.6.3/gems/capybara-3.35.3/lib/capybara/session.rb:735:in `tap'[0m
          [36m# /home/ec2-user/.rvm/gems/ruby-2.6.3/gems/capybara-3.35.3/lib/capybara/session.rb:735:in `save_screenshot'[0m

  7) [STEP1] ãƒ¦ãƒ¼ã‚¶ãƒ­ã‚°ã‚¤ãƒ³å‰ã®ãƒ†ã‚¹ãƒˆ ãŠå•ã„åˆã‚ã›ç”»é¢ã®ãƒ†ã‚¹ãƒˆ ãŠå•ã„åˆã‚ã›ãƒ•ã‚©ãƒ¼ãƒ è¡¨ç¤ºå†…å®¹ã®ç¢ºèª ãŠåå‰ãƒ•ã‚©ãƒ¼ãƒ ãŒè¡¨ç¤ºã•ã‚Œã‚‹
     [31mGot 0 failures and 2 other errors:[0m

     7.1) [31mFailure/Error: [0mvisit [31m[1;31m'[0m[31m/contacts/new[1;31m'[0m[31m[0m[0m
          [31m[0m
          [31mNoMethodError:[0m
          [31m  undefined method `strip' for nil:NilClass[0m
          [31m[0m
          [31m[0m
          [31m[0m
          [36m# /home/ec2-user/.rvm/gems/ruby-2.6.3/gems/webdrivers-3.9.4/lib/webdrivers/chromedriver.rb:145:in `chrome_on_linux'[0m
          [36m# /home/ec2-user/.rvm/gems/ruby-2.6.3/gems/webdrivers-3.9.4/lib/webdrivers/chromedriver.rb:45:in `chrome_version'[0m
          [36m# /home/ec2-user/.rvm/gems/ruby-2.6.3/gems/webdrivers-3.9.4/lib/webdrivers/chromedriver.rb:109:in `release_version'[0m
          [36m# /home/ec2-user/.rvm/gems/ruby-2.6.3/gems/webdrivers-3.9.4/lib/webdrivers/chromedriver.rb:31:in `latest_version'[0m
          [36m# /home/ec2-user/.rvm/gems/ruby-2.6.3/gems/webdrivers-3.9.4/lib/webdrivers/common.rb:155:in `correct_binary?'[0m
          [36m# /home/ec2-user/.rvm/gems/ruby-2.6.3/gems/webdrivers-3.9.4/lib/webdrivers/common.rb:93:in `update'[0m
          [36m# /home/ec2-user/.rvm/gems/ruby-2.6.3/gems/webdrivers-3.9.4/lib/webdrivers/chromedriver.rb:177:in `block in <main>'[0m
          [36m# /home/ec2-user/.rvm/gems/ruby-2.6.3/gems/selenium-webdriver-3.142.7/lib/selenium/webdriver/common/service.rb:133:in `binary_path'[0m
          [36m# /home/ec2-user/.rvm/gems/ruby-2.6.3/gems/selenium-webdriver-3.142.7/lib/selenium/webdriver/common/service.rb:94:in `initialize'[0m
          [36m# /home/ec2-user/.rvm/gems/ruby-2.6.3/gems/selenium-webdriver-3.142.7/lib/selenium/webdriver/common/service.rb:41:in `new'[0m
          [36m# /home/ec2-user/.rvm/gems/ruby-2.6.3/gems/selenium-webdriver-3.142.7/lib/selenium/webdriver/common/service.rb:41:in `chrome'[0m
          [36m# /home/ec2-user/.rvm/gems/ruby-2.6.3/gems/selenium-webdriver-3.142.7/lib/selenium/webdriver/common/driver.rb:299:in `service_url'[0m
          [36m# /home/ec2-user/.rvm/gems/ruby-2.6.3/gems/selenium-webdriver-3.142.7/lib/selenium/webdriver/chrome/driver.rb:40:in `initialize'[0m
          [36m# /home/ec2-user/.rvm/gems/ruby-2.6.3/gems/selenium-webdriver-3.142.7/lib/selenium/webdriver/common/driver.rb:46:in `new'[0m
          [36m# /home/ec2-user/.rvm/gems/ruby-2.6.3/gems/selenium-webdriver-3.142.7/lib/selenium/webdriver/common/driver.rb:46:in `for'[0m
          [36m# /home/ec2-user/.rvm/gems/ruby-2.6.3/gems/selenium-webdriver-3.142.7/lib/selenium/webdriver.rb:88:in `for'[0m
          [36m# /home/ec2-user/.rvm/gems/ruby-2.6.3/gems/capybara-3.35.3/lib/capybara/selenium/driver.rb:83:in `browser'[0m
          [36m# /home/ec2-user/.rvm/gems/ruby-2.6.3/gems/capybara-3.35.3/lib/capybara/selenium/driver.rb:104:in `visit'[0m
          [36m# /home/ec2-user/.rvm/gems/ruby-2.6.3/gems/capybara-3.35.3/lib/capybara/session.rb:278:in `visit'[0m
          [36m# /home/ec2-user/.rvm/gems/ruby-2.6.3/gems/capybara-3.35.3/lib/capybara/dsl.rb:58:in `block (2 levels) in <module:DSL>'[0m
          [36m# ./spec/system/01_before_login_spec.rb:27:in `block (3 levels) in <top (required)>'[0m

     7.2) [31mFailure/Error: [0m[1;34;4mSystem[0m.call([31m[1;31m"[0m[31m#{executable}[0m[31m --product-version[1;31m"[0m[31m[0m).strip[0m
          [31m[0m
          [31mNoMethodError:[0m
          [31m  undefined method `strip' for nil:NilClass[0m
          [31m[0m
          [31m[0m
          [31m[0m
          [36m# /home/ec2-user/.rvm/gems/ruby-2.6.3/gems/webdrivers-3.9.4/lib/webdrivers/chromedriver.rb:145:in `chrome_on_linux'[0m
          [36m# /home/ec2-user/.rvm/gems/ruby-2.6.3/gems/webdrivers-3.9.4/lib/webdrivers/chromedriver.rb:45:in `chrome_version'[0m
          [36m# /home/ec2-user/.rvm/gems/ruby-2.6.3/gems/webdrivers-3.9.4/lib/webdrivers/chromedriver.rb:109:in `release_version'[0m
          [36m# /home/ec2-user/.rvm/gems/ruby-2.6.3/gems/webdrivers-3.9.4/lib/webdrivers/chromedriver.rb:31:in `latest_version'[0m
          [36m# /home/ec2-user/.rvm/gems/ruby-2.6.3/gems/webdrivers-3.9.4/lib/webdrivers/common.rb:155:in `correct_binary?'[0m
          [36m# /home/ec2-user/.rvm/gems/ruby-2.6.3/gems/webdrivers-3.9.4/lib/webdrivers/common.rb:93:in `update'[0m
          [36m# /home/ec2-user/.rvm/gems/ruby-2.6.3/gems/webdrivers-3.9.4/lib/webdrivers/chromedriver.rb:177:in `block in <main>'[0m
          [36m# /home/ec2-user/.rvm/gems/ruby-2.6.3/gems/selenium-webdriver-3.142.7/lib/selenium/webdriver/common/service.rb:133:in `binary_path'[0m
          [36m# /home/ec2-user/.rvm/gems/ruby-2.6.3/gems/selenium-webdriver-3.142.7/lib/selenium/webdriver/common/service.rb:94:in `initialize'[0m
          [36m# /home/ec2-user/.rvm/gems/ruby-2.6.3/gems/selenium-webdriver-3.142.7/lib/selenium/webdriver/common/service.rb:41:in `new'[0m
          [36m# /home/ec2-user/.rvm/gems/ruby-2.6.3/gems/selenium-webdriver-3.142.7/lib/selenium/webdriver/common/service.rb:41:in `chrome'[0m
          [36m# /home/ec2-user/.rvm/gems/ruby-2.6.3/gems/selenium-webdriver-3.142.7/lib/selenium/webdriver/common/driver.rb:299:in `service_url'[0m
          [36m# /home/ec2-user/.rvm/gems/ruby-2.6.3/gems/selenium-webdriver-3.142.7/lib/selenium/webdriver/chrome/driver.rb:40:in `initialize'[0m
          [36m# /home/ec2-user/.rvm/gems/ruby-2.6.3/gems/selenium-webdriver-3.142.7/lib/selenium/webdriver/common/driver.rb:46:in `new'[0m
          [36m# /home/ec2-user/.rvm/gems/ruby-2.6.3/gems/selenium-webdriver-3.142.7/lib/selenium/webdriver/common/driver.rb:46:in `for'[0m
          [36m# /home/ec2-user/.rvm/gems/ruby-2.6.3/gems/selenium-webdriver-3.142.7/lib/selenium/webdriver.rb:88:in `for'[0m
          [36m# /home/ec2-user/.rvm/gems/ruby-2.6.3/gems/capybara-3.35.3/lib/capybara/selenium/driver.rb:83:in `browser'[0m
          [36m# /home/ec2-user/.rvm/gems/ruby-2.6.3/gems/capybara-3.35.3/lib/capybara/selenium/driver.rb:156:in `save_screenshot'[0m
          [36m# /home/ec2-user/.rvm/gems/ruby-2.6.3/gems/capybara-3.35.3/lib/capybara/session.rb:735:in `block in save_screenshot'[0m
          [36m# /home/ec2-user/.rvm/gems/ruby-2.6.3/gems/capybara-3.35.3/lib/capybara/session.rb:735:in `tap'[0m
          [36m# /home/ec2-user/.rvm/gems/ruby-2.6.3/gems/capybara-3.35.3/lib/capybara/session.rb:735:in `save_screenshot'[0m

  8) [STEP1] ãƒ¦ãƒ¼ã‚¶ãƒ­ã‚°ã‚¤ãƒ³å‰ã®ãƒ†ã‚¹ãƒˆ ãŠå•ã„åˆã‚ã›ç”»é¢ã®ãƒ†ã‚¹ãƒˆ ãŠå•ã„åˆã‚ã›ãƒ•ã‚©ãƒ¼ãƒ è¡¨ç¤ºå†…å®¹ã®ç¢ºèª ãƒ¡ãƒ¼ãƒ«ã‚¢ãƒ‰ãƒ¬ã‚¹ãƒ•ã‚©ãƒ¼ãƒ ãŒè¡¨ç¤ºã•ã‚Œã‚‹
     [31mGot 0 failures and 2 other errors:[0m

     8.1) [31mFailure/Error: [0mvisit [31m[1;31m'[0m[31m/contacts/new[1;31m'[0m[31m[0m[0m
          [31m[0m
          [31mNoMethodError:[0m
          [31m  undefined method `strip' for nil:NilClass[0m
          [31m[0m
          [31m[0m
          [31m[0m
          [36m# /home/ec2-user/.rvm/gems/ruby-2.6.3/gems/webdrivers-3.9.4/lib/webdrivers/chromedriver.rb:145:in `chrome_on_linux'[0m
          [36m# /home/ec2-user/.rvm/gems/ruby-2.6.3/gems/webdrivers-3.9.4/lib/webdrivers/chromedriver.rb:45:in `chrome_version'[0m
          [36m# /home/ec2-user/.rvm/gems/ruby-2.6.3/gems/webdrivers-3.9.4/lib/webdrivers/chromedriver.rb:109:in `release_version'[0m
          [36m# /home/ec2-user/.rvm/gems/ruby-2.6.3/gems/webdrivers-3.9.4/lib/webdrivers/chromedriver.rb:31:in `latest_version'[0m
          [36m# /home/ec2-user/.rvm/gems/ruby-2.6.3/gems/webdrivers-3.9.4/lib/webdrivers/common.rb:155:in `correct_binary?'[0m
          [36m# /home/ec2-user/.rvm/gems/ruby-2.6.3/gems/webdrivers-3.9.4/lib/webdrivers/common.rb:93:in `update'[0m
          [36m# /home/ec2-user/.rvm/gems/ruby-2.6.3/gems/webdrivers-3.9.4/lib/webdrivers/chromedriver.rb:177:in `block in <main>'[0m
          [36m# /home/ec2-user/.rvm/gems/ruby-2.6.3/gems/selenium-webdriver-3.142.7/lib/selenium/webdriver/common/service.rb:133:in `binary_path'[0m
          [36m# /home/ec2-user/.rvm/gems/ruby-2.6.3/gems/selenium-webdriver-3.142.7/lib/selenium/webdriver/common/service.rb:94:in `initialize'[0m
          [36m# /home/ec2-user/.rvm/gems/ruby-2.6.3/gems/selenium-webdriver-3.142.7/lib/selenium/webdriver/common/service.rb:41:in `new'[0m
          [36m# /home/ec2-user/.rvm/gems/ruby-2.6.3/gems/selenium-webdriver-3.142.7/lib/selenium/webdriver/common/service.rb:41:in `chrome'[0m
          [36m# /home/ec2-user/.rvm/gems/ruby-2.6.3/gems/selenium-webdriver-3.142.7/lib/selenium/webdriver/common/driver.rb:299:in `service_url'[0m
          [36m# /home/ec2-user/.rvm/gems/ruby-2.6.3/gems/selenium-webdriver-3.142.7/lib/selenium/webdriver/chrome/driver.rb:40:in `initialize'[0m
          [36m# /home/ec2-user/.rvm/gems/ruby-2.6.3/gems/selenium-webdriver-3.142.7/lib/selenium/webdriver/common/driver.rb:46:in `new'[0m
          [36m# /home/ec2-user/.rvm/gems/ruby-2.6.3/gems/selenium-webdriver-3.142.7/lib/selenium/webdriver/common/driver.rb:46:in `for'[0m
          [36m# /home/ec2-user/.rvm/gems/ruby-2.6.3/gems/selenium-webdriver-3.142.7/lib/selenium/webdriver.rb:88:in `for'[0m
          [36m# /home/ec2-user/.rvm/gems/ruby-2.6.3/gems/capybara-3.35.3/lib/capybara/selenium/driver.rb:83:in `browser'[0m
          [36m# /home/ec2-user/.rvm/gems/ruby-2.6.3/gems/capybara-3.35.3/lib/capybara/selenium/driver.rb:104:in `visit'[0m
          [36m# /home/ec2-user/.rvm/gems/ruby-2.6.3/gems/capybara-3.35.3/lib/capybara/session.rb:278:in `visit'[0m
          [36m# /home/ec2-user/.rvm/gems/ruby-2.6.3/gems/capybara-3.35.3/lib/capybara/dsl.rb:58:in `block (2 levels) in <module:DSL>'[0m
          [36m# ./spec/system/01_before_login_spec.rb:27:in `block (3 levels) in <top (required)>'[0m

     8.2) [31mFailure/Error: [0m[1;34;4mSystem[0m.call([31m[1;31m"[0m[31m#{executable}[0m[31m --product-version[1;31m"[0m[31m[0m).strip[0m
          [31m[0m
          [31mNoMethodError:[0m
          [31m  undefined method `strip' for nil:NilClass[0m
          [31m[0m
          [31m[0m
          [31m[0m
          [36m# /home/ec2-user/.rvm/gems/ruby-2.6.3/gems/webdrivers-3.9.4/lib/webdrivers/chromedriver.rb:145:in `chrome_on_linux'[0m
          [36m# /home/ec2-user/.rvm/gems/ruby-2.6.3/gems/webdrivers-3.9.4/lib/webdrivers/chromedriver.rb:45:in `chrome_version'[0m
          [36m# /home/ec2-user/.rvm/gems/ruby-2.6.3/gems/webdrivers-3.9.4/lib/webdrivers/chromedriver.rb:109:in `release_version'[0m
          [36m# /home/ec2-user/.rvm/gems/ruby-2.6.3/gems/webdrivers-3.9.4/lib/webdrivers/chromedriver.rb:31:in `latest_version'[0m
          [36m# /home/ec2-user/.rvm/gems/ruby-2.6.3/gems/webdrivers-3.9.4/lib/webdrivers/common.rb:155:in `correct_binary?'[0m
          [36m# /home/ec2-user/.rvm/gems/ruby-2.6.3/gems/webdrivers-3.9.4/lib/webdrivers/common.rb:93:in `update'[0m
          [36m# /home/ec2-user/.rvm/gems/ruby-2.6.3/gems/webdrivers-3.9.4/lib/webdrivers/chromedriver.rb:177:in `block in <main>'[0m
          [36m# /home/ec2-user/.rvm/gems/ruby-2.6.3/gems/selenium-webdriver-3.142.7/lib/selenium/webdriver/common/service.rb:133:in `binary_path'[0m
          [36m# /home/ec2-user/.rvm/gems/ruby-2.6.3/gems/selenium-webdriver-3.142.7/lib/selenium/webdriver/common/service.rb:94:in `initialize'[0m
          [36m# /home/ec2-user/.rvm/gems/ruby-2.6.3/gems/selenium-webdriver-3.142.7/lib/selenium/webdriver/common/service.rb:41:in `new'[0m
          [36m# /home/ec2-user/.rvm/gems/ruby-2.6.3/gems/selenium-webdriver-3.142.7/lib/selenium/webdriver/common/service.rb:41:in `chrome'[0m
          [36m# /home/ec2-user/.rvm/gems/ruby-2.6.3/gems/selenium-webdriver-3.142.7/lib/selenium/webdriver/common/driver.rb:299:in `service_url'[0m
          [36m# /home/ec2-user/.rvm/gems/ruby-2.6.3/gems/selenium-webdriver-3.142.7/lib/selenium/webdriver/chrome/driver.rb:40:in `initialize'[0m
          [36m# /home/ec2-user/.rvm/gems/ruby-2.6.3/gems/selenium-webdriver-3.142.7/lib/selenium/webdriver/common/driver.rb:46:in `new'[0m
          [36m# /home/ec2-user/.rvm/gems/ruby-2.6.3/gems/selenium-webdriver-3.142.7/lib/selenium/webdriver/common/driver.rb:46:in `for'[0m
          [36m# /home/ec2-user/.rvm/gems/ruby-2.6.3/gems/selenium-webdriver-3.142.7/lib/selenium/webdriver.rb:88:in `for'[0m
          [36m# /home/ec2-user/.rvm/gems/ruby-2.6.3/gems/capybara-3.35.3/lib/capybara/selenium/driver.rb:83:in `browser'[0m
          [36m# /home/ec2-user/.rvm/gems/ruby-2.6.3/gems/capybara-3.35.3/lib/capybara/selenium/driver.rb:156:in `save_screenshot'[0m
          [36m# /home/ec2-user/.rvm/gems/ruby-2.6.3/gems/capybara-3.35.3/lib/capybara/session.rb:735:in `block in save_screenshot'[0m
          [36m# /home/ec2-user/.rvm/gems/ruby-2.6.3/gems/capybara-3.35.3/lib/capybara/session.rb:735:in `tap'[0m
          [36m# /home/ec2-user/.rvm/gems/ruby-2.6.3/gems/capybara-3.35.3/lib/capybara/session.rb:735:in `save_screenshot'[0m

  9) [STEP1] ãƒ¦ãƒ¼ã‚¶ãƒ­ã‚°ã‚¤ãƒ³å‰ã®ãƒ†ã‚¹ãƒˆ ãŠå•ã„åˆã‚ã›ç”»é¢ã®ãƒ†ã‚¹ãƒˆ ãŠå•ã„åˆã‚ã›ãƒ•ã‚©ãƒ¼ãƒ è¡¨ç¤ºå†…å®¹ã®ç¢ºèª ãŠå•ã„åˆã‚ã›å†…å®¹ãƒ•ã‚©ãƒ¼ãƒ ãŒè¡¨ç¤ºã•ã‚Œã‚‹
     [31mGot 0 failures and 2 other errors:[0m

     9.1) [31mFailure/Error: [0mvisit [31m[1;31m'[0m[31m/contacts/new[1;31m'[0m[31m[0m[0m
          [31m[0m
          [31mNoMethodError:[0m
          [31m  undefined method `strip' for nil:NilClass[0m
          [31m[0m
          [31m[0m
          [31m[0m
          [36m# /home/ec2-user/.rvm/gems/ruby-2.6.3/gems/webdrivers-3.9.4/lib/webdrivers/chromedriver.rb:145:in `chrome_on_linux'[0m
          [36m# /home/ec2-user/.rvm/gems/ruby-2.6.3/gems/webdrivers-3.9.4/lib/webdrivers/chromedriver.rb:45:in `chrome_version'[0m
          [36m# /home/ec2-user/.rvm/gems/ruby-2.6.3/gems/webdrivers-3.9.4/lib/webdrivers/chromedriver.rb:109:in `release_version'[0m
          [36m# /home/ec2-user/.rvm/gems/ruby-2.6.3/gems/webdrivers-3.9.4/lib/webdrivers/chromedriver.rb:31:in `latest_version'[0m
          [36m# /home/ec2-user/.rvm/gems/ruby-2.6.3/gems/webdrivers-3.9.4/lib/webdrivers/common.rb:155:in `correct_binary?'[0m
          [36m# /home/ec2-user/.rvm/gems/ruby-2.6.3/gems/webdrivers-3.9.4/lib/webdrivers/common.rb:93:in `update'[0m
          [36m# /home/ec2-user/.rvm/gems/ruby-2.6.3/gems/webdrivers-3.9.4/lib/webdrivers/chromedriver.rb:177:in `block in <main>'[0m
          [36m# /home/ec2-user/.rvm/gems/ruby-2.6.3/gems/selenium-webdriver-3.142.7/lib/selenium/webdriver/common/service.rb:133:in `binary_path'[0m
          [36m# /home/ec2-user/.rvm/gems/ruby-2.6.3/gems/selenium-webdriver-3.142.7/lib/selenium/webdriver/common/service.rb:94:in `initialize'[0m
          [36m# /home/ec2-user/.rvm/gems/ruby-2.6.3/gems/selenium-webdriver-3.142.7/lib/selenium/webdriver/common/service.rb:41:in `new'[0m
          [36m# /home/ec2-user/.rvm/gems/ruby-2.6.3/gems/selenium-webdriver-3.142.7/lib/selenium/webdriver/common/service.rb:41:in `chrome'[0m
          [36m# /home/ec2-user/.rvm/gems/ruby-2.6.3/gems/selenium-webdriver-3.142.7/lib/selenium/webdriver/common/driver.rb:299:in `service_url'[0m
          [36m# /home/ec2-user/.rvm/gems/ruby-2.6.3/gems/selenium-webdriver-3.142.7/lib/selenium/webdriver/chrome/driver.rb:40:in `initialize'[0m
          [36m# /home/ec2-user/.rvm/gems/ruby-2.6.3/gems/selenium-webdriver-3.142.7/lib/selenium/webdriver/common/driver.rb:46:in `new'[0m
          [36m# /home/ec2-user/.rvm/gems/ruby-2.6.3/gems/selenium-webdriver-3.142.7/lib/selenium/webdriver/common/driver.rb:46:in `for'[0m
          [36m# /home/ec2-user/.rvm/gems/ruby-2.6.3/gems/selenium-webdriver-3.142.7/lib/selenium/webdriver.rb:88:in `for'[0m
          [36m# /home/ec2-user/.rvm/gems/ruby-2.6.3/gems/capybara-3.35.3/lib/capybara/selenium/driver.rb:83:in `browser'[0m
          [36m# /home/ec2-user/.rvm/gems/ruby-2.6.3/gems/capybara-3.35.3/lib/capybara/selenium/driver.rb:104:in `visit'[0m
          [36m# /home/ec2-user/.rvm/gems/ruby-2.6.3/gems/capybara-3.35.3/lib/capybara/session.rb:278:in `visit'[0m
          [36m# /home/ec2-user/.rvm/gems/ruby-2.6.3/gems/capybara-3.35.3/lib/capybara/dsl.rb:58:in `block (2 levels) in <module:DSL>'[0m
          [36m# ./spec/system/01_before_login_spec.rb:27:in `block (3 levels) in <top (required)>'[0m

     9.2) [31mFailure/Error: [0m[1;34;4mSystem[0m.call([31m[1;31m"[0m[31m#{executable}[0m[31m --product-version[1;31m"[0m[31m[0m).strip[0m
          [31m[0m
          [31mNoMethodError:[0m
          [31m  undefined method `strip' for nil:NilClass[0m
          [31m[0m
          [31m[0m
          [31m[0m
          [36m# /home/ec2-user/.rvm/gems/ruby-2.6.3/gems/webdrivers-3.9.4/lib/webdrivers/chromedriver.rb:145:in `chrome_on_linux'[0m
          [36m# /home/ec2-user/.rvm/gems/ruby-2.6.3/gems/webdrivers-3.9.4/lib/webdrivers/chromedriver.rb:45:in `chrome_version'[0m
          [36m# /home/ec2-user/.rvm/gems/ruby-2.6.3/gems/webdrivers-3.9.4/lib/webdrivers/chromedriver.rb:109:in `release_version'[0m
          [36m# /home/ec2-user/.rvm/gems/ruby-2.6.3/gems/webdrivers-3.9.4/lib/webdrivers/chromedriver.rb:31:in `latest_version'[0m
          [36m# /home/ec2-user/.rvm/gems/ruby-2.6.3/gems/webdrivers-3.9.4/lib/webdrivers/common.rb:155:in `correct_binary?'[0m
          [36m# /home/ec2-user/.rvm/gems/ruby-2.6.3/gems/webdrivers-3.9.4/lib/webdrivers/common.rb:93:in `update'[0m
          [36m# /home/ec2-user/.rvm/gems/ruby-2.6.3/gems/webdrivers-3.9.4/lib/webdrivers/chromedriver.rb:177:in `block in <main>'[0m
          [36m# /home/ec2-user/.rvm/gems/ruby-2.6.3/gems/selenium-webdriver-3.142.7/lib/selenium/webdriver/common/service.rb:133:in `binary_path'[0m
          [36m# /home/ec2-user/.rvm/gems/ruby-2.6.3/gems/selenium-webdriver-3.142.7/lib/selenium/webdriver/common/service.rb:94:in `initialize'[0m
          [36m# /home/ec2-user/.rvm/gems/ruby-2.6.3/gems/selenium-webdriver-3.142.7/lib/selenium/webdriver/common/service.rb:41:in `new'[0m
          [36m# /home/ec2-user/.rvm/gems/ruby-2.6.3/gems/selenium-webdriver-3.142.7/lib/selenium/webdriver/common/service.rb:41:in `chrome'[0m
          [36m# /home/ec2-user/.rvm/gems/ruby-2.6.3/gems/selenium-webdriver-3.142.7/lib/selenium/webdriver/common/driver.rb:299:in `service_url'[0m
          [36m# /home/ec2-user/.rvm/gems/ruby-2.6.3/gems/selenium-webdriver-3.142.7/lib/selenium/webdriver/chrome/driver.rb:40:in `initialize'[0m
          [36m# /home/ec2-user/.rvm/gems/ruby-2.6.3/gems/selenium-webdriver-3.142.7/lib/selenium/webdriver/common/driver.rb:46:in `new'[0m
          [36m# /home/ec2-user/.rvm/gems/ruby-2.6.3/gems/selenium-webdriver-3.142.7/lib/selenium/webdriver/common/driver.rb:46:in `for'[0m
          [36m# /home/ec2-user/.rvm/gems/ruby-2.6.3/gems/selenium-webdriver-3.142.7/lib/selenium/webdriver.rb:88:in `for'[0m
          [36m# /home/ec2-user/.rvm/gems/ruby-2.6.3/gems/capybara-3.35.3/lib/capybara/selenium/driver.rb:83:in `browser'[0m
          [36m# /home/ec2-user/.rvm/gems/ruby-2.6.3/gems/capybara-3.35.3/lib/capybara/selenium/driver.rb:156:in `save_screenshot'[0m
          [36m# /home/ec2-user/.rvm/gems/ruby-2.6.3/gems/capybara-3.35.3/lib/capybara/session.rb:735:in `block in save_screenshot'[0m
          [36m# /home/ec2-user/.rvm/gems/ruby-2.6.3/gems/capybara-3.35.3/lib/capybara/session.rb:735:in `tap'[0m
          [36m# /home/ec2-user/.rvm/gems/ruby-2.6.3/gems/capybara-3.35.3/lib/capybara/session.rb:735:in `save_screenshot'[0m

  10) [STEP1] ãƒ¦ãƒ¼ã‚¶ãƒ­ã‚°ã‚¤ãƒ³å‰ã®ãƒ†ã‚¹ãƒˆ ãŠå•ã„åˆã‚ã›ç”»é¢ã®ãƒ†ã‚¹ãƒˆ ãŠå•ã„åˆã‚ã›ãƒ•ã‚©ãƒ¼ãƒ è¡¨ç¤ºå†…å®¹ã®ç¢ºèª ç¢ºèªç”»é¢ã¸ãƒœã‚¿ãƒ³ãŒè¡¨ç¤ºã•ã‚Œã‚‹
      [31mGot 0 failures and 2 other errors:[0m

      10.1) [31mFailure/Error: [0mvisit [31m[1;31m'[0m[31m/contacts/new[1;31m'[0m[31m[0m[0m
            [31m[0m
            [31mNoMethodError:[0m
            [31m  undefined method `strip' for nil:NilClass[0m
            [31m[0m
            [31m[0m
            [31m[0m
            [36m# /home/ec2-user/.rvm/gems/ruby-2.6.3/gems/webdrivers-3.9.4/lib/webdrivers/chromedriver.rb:145:in `chrome_on_linux'[0m
            [36m# /home/ec2-user/.rvm/gems/ruby-2.6.3/gems/webdrivers-3.9.4/lib/webdrivers/chromedriver.rb:45:in `chrome_version'[0m
            [36m# /home/ec2-user/.rvm/gems/ruby-2.6.3/gems/webdrivers-3.9.4/lib/webdrivers/chromedriver.rb:109:in `release_version'[0m
            [36m# /home/ec2-user/.rvm/gems/ruby-2.6.3/gems/webdrivers-3.9.4/lib/webdrivers/chromedriver.rb:31:in `latest_version'[0m
            [36m# /home/ec2-user/.rvm/gems/ruby-2.6.3/gems/webdrivers-3.9.4/lib/webdrivers/common.rb:155:in `correct_binary?'[0m
            [36m# /home/ec2-user/.rvm/gems/ruby-2.6.3/gems/webdrivers-3.9.4/lib/webdrivers/common.rb:93:in `update'[0m
            [36m# /home/ec2-user/.rvm/gems/ruby-2.6.3/gems/webdrivers-3.9.4/lib/webdrivers/chromedriver.rb:177:in `block in <main>'[0m
            [36m# /home/ec2-user/.rvm/gems/ruby-2.6.3/gems/selenium-webdriver-3.142.7/lib/selenium/webdriver/common/service.rb:133:in `binary_path'[0m
            [36m# /home/ec2-user/.rvm/gems/ruby-2.6.3/gems/selenium-webdriver-3.142.7/lib/selenium/webdriver/common/service.rb:94:in `initialize'[0m
            [36m# /home/ec2-user/.rvm/gems/ruby-2.6.3/gems/selenium-webdriver-3.142.7/lib/selenium/webdriver/common/service.rb:41:in `new'[0m
            [36m# /home/ec2-user/.rvm/gems/ruby-2.6.3/gems/selenium-webdriver-3.142.7/lib/selenium/webdriver/common/service.rb:41:in `chrome'[0m
            [36m# /home/ec2-user/.rvm/gems/ruby-2.6.3/gems/selenium-webdriver-3.142.7/lib/selenium/webdriver/common/driver.rb:299:in `service_url'[0m
            [36m# /home/ec2-user/.rvm/gems/ruby-2.6.3/gems/selenium-webdriver-3.142.7/lib/selenium/webdriver/chrome/driver.rb:40:in `initialize'[0m
            [36m# /home/ec2-user/.rvm/gems/ruby-2.6.3/gems/selenium-webdriver-3.142.7/lib/selenium/webdriver/common/driver.rb:46:in `new'[0m
            [36m# /home/ec2-user/.rvm/gems/ruby-2.6.3/gems/selenium-webdriver-3.142.7/lib/selenium/webdriver/common/driver.rb:46:in `for'[0m
            [36m# /home/ec2-user/.rvm/gems/ruby-2.6.3/gems/selenium-webdriver-3.142.7/lib/selenium/webdriver.rb:88:in `for'[0m
            [36m# /home/ec2-user/.rvm/gems/ruby-2.6.3/gems/capybara-3.35.3/lib/capybara/selenium/driver.rb:83:in `browser'[0m
            [36m# /home/ec2-user/.rvm/gems/ruby-2.6.3/gems/capybara-3.35.3/lib/capybara/selenium/driver.rb:104:in `visit'[0m
            [36m# /home/ec2-user/.rvm/gems/ruby-2.6.3/gems/capybara-3.35.3/lib/capybara/session.rb:278:in `visit'[0m
            [36m# /home/ec2-user/.rvm/gems/ruby-2.6.3/gems/capybara-3.35.3/lib/capybara/dsl.rb:58:in `block (2 levels) in <module:DSL>'[0m
            [36m# ./spec/system/01_before_login_spec.rb:27:in `block (3 levels) in <top (required)>'[0m

      10.2) [31mFailure/Error: [0m[1;34;4mSystem[0m.call([31m[1;31m"[0m[31m#{executable}[0m[31m --product-version[1;31m"[0m[31m[0m).strip[0m
            [31m[0m
            [31mNoMethodError:[0m
            [31m  undefined method `strip' for nil:NilClass[0m
            [31m[0m
            [31m[0m
            [31m[0m
            [36m# /home/ec2-user/.rvm/gems/ruby-2.6.3/gems/webdrivers-3.9.4/lib/webdrivers/chromedriver.rb:145:in `chrome_on_linux'[0m
            [36m# /home/ec2-user/.rvm/gems/ruby-2.6.3/gems/webdrivers-3.9.4/lib/webdrivers/chromedriver.rb:45:in `chrome_version'[0m
            [36m# /home/ec2-user/.rvm/gems/ruby-2.6.3/gems/webdrivers-3.9.4/lib/webdrivers/chromedriver.rb:109:in `release_version'[0m
            [36m# /home/ec2-user/.rvm/gems/ruby-2.6.3/gems/webdrivers-3.9.4/lib/webdrivers/chromedriver.rb:31:in `latest_version'[0m
            [36m# /home/ec2-user/.rvm/gems/ruby-2.6.3/gems/webdrivers-3.9.4/lib/webdrivers/common.rb:155:in `correct_binary?'[0m
            [36m# /home/ec2-user/.rvm/gems/ruby-2.6.3/gems/webdrivers-3.9.4/lib/webdrivers/common.rb:93:in `update'[0m
            [36m# /home/ec2-user/.rvm/gems/ruby-2.6.3/gems/webdrivers-3.9.4/lib/webdrivers/chromedriver.rb:177:in `block in <main>'[0m
            [36m# /home/ec2-user/.rvm/gems/ruby-2.6.3/gems/selenium-webdriver-3.142.7/lib/selenium/webdriver/common/service.rb:133:in `binary_path'[0m
            [36m# /home/ec2-user/.rvm/gems/ruby-2.6.3/gems/selenium-webdriver-3.142.7/lib/selenium/webdriver/common/service.rb:94:in `initialize'[0m
            [36m# /home/ec2-user/.rvm/gems/ruby-2.6.3/gems/selenium-webdriver-3.142.7/lib/selenium/webdriver/common/service.rb:41:in `new'[0m
            [36m# /home/ec2-user/.rvm/gems/ruby-2.6.3/gems/selenium-webdriver-3.142.7/lib/selenium/webdriver/common/service.rb:41:in `chrome'[0m
            [36m# /home/ec2-user/.rvm/gems/ruby-2.6.3/gems/selenium-webdriver-3.142.7/lib/selenium/webdriver/common/driver.rb:299:in `service_url'[0m
            [36m# /home/ec2-user/.rvm/gems/ruby-2.6.3/gems/selenium-webdriver-3.142.7/lib/selenium/webdriver/chrome/driver.rb:40:in `initialize'[0m
            [36m# /home/ec2-user/.rvm/gems/ruby-2.6.3/gems/selenium-webdriver-3.142.7/lib/selenium/webdriver/common/driver.rb:46:in `new'[0m
            [36m# /home/ec2-user/.rvm/gems/ruby-2.6.3/gems/selenium-webdriver-3.142.7/lib/selenium/webdriver/common/driver.rb:46:in `for'[0m
            [36m# /home/ec2-user/.rvm/gems/ruby-2.6.3/gems/selenium-webdriver-3.142.7/lib/selenium/webdriver.rb:88:in `for'[0m
            [36m# /home/ec2-user/.rvm/gems/ruby-2.6.3/gems/capybara-3.35.3/lib/capybara/selenium/driver.rb:83:in `browser'[0m
            [36m# /home/ec2-user/.rvm/gems/ruby-2.6.3/gems/capybara-3.35.3/lib/capybara/selenium/driver.rb:156:in `save_screenshot'[0m
            [36m# /home/ec2-user/.rvm/gems/ruby-2.6.3/gems/capybara-3.35.3/lib/capybara/session.rb:735:in `block in save_screenshot'[0m
            [36m# /home/ec2-user/.rvm/gems/ruby-2.6.3/gems/capybara-3.35.3/lib/capybara/session.rb:735:in `tap'[0m
            [36m# /home/ec2-user/.rvm/gems/ruby-2.6.3/gems/capybara-3.35.3/lib/capybara/session.rb:735:in `save_screenshot'[0m

  11) [STEP1] ãƒ¦ãƒ¼ã‚¶ãƒ­ã‚°ã‚¤ãƒ³å‰ã®ãƒ†ã‚¹ãƒˆ ãŠå•ã„åˆã‚ã›ç”»é¢ã®ãƒ†ã‚¹ãƒˆ ãŠå•ã„åˆã‚ã›ç¢ºèªç”»é¢è¡¨ç¤ºå†…å®¹ã®ç¢ºèª URLãŒæ­£ã—ã„
      [31mGot 0 failures and 2 other errors:[0m

      11.1) [31mFailure/Error: [0mvisit [31m[1;31m'[0m[31m/contacts/new[1;31m'[0m[31m[0m[0m
            [31m[0m
            [31mNoMethodError:[0m
            [31m  undefined method `strip' for nil:NilClass[0m
            [31m[0m
            [31m[0m
            [31m[0m
            [36m# /home/ec2-user/.rvm/gems/ruby-2.6.3/gems/webdrivers-3.9.4/lib/webdrivers/chromedriver.rb:145:in `chrome_on_linux'[0m
            [36m# /home/ec2-user/.rvm/gems/ruby-2.6.3/gems/webdrivers-3.9.4/lib/webdrivers/chromedriver.rb:45:in `chrome_version'[0m
            [36m# /home/ec2-user/.rvm/gems/ruby-2.6.3/gems/webdrivers-3.9.4/lib/webdrivers/chromedriver.rb:109:in `release_version'[0m
            [36m# /home/ec2-user/.rvm/gems/ruby-2.6.3/gems/webdrivers-3.9.4/lib/webdrivers/chromedriver.rb:31:in `latest_version'[0m
            [36m# /home/ec2-user/.rvm/gems/ruby-2.6.3/gems/webdrivers-3.9.4/lib/webdrivers/common.rb:155:in `correct_binary?'[0m
            [36m# /home/ec2-user/.rvm/gems/ruby-2.6.3/gems/webdrivers-3.9.4/lib/webdrivers/common.rb:93:in `update'[0m
            [36m# /home/ec2-user/.rvm/gems/ruby-2.6.3/gems/webdrivers-3.9.4/lib/webdrivers/chromedriver.rb:177:in `block in <main>'[0m
            [36m# /home/ec2-user/.rvm/gems/ruby-2.6.3/gems/selenium-webdriver-3.142.7/lib/selenium/webdriver/common/service.rb:133:in `binary_path'[0m
            [36m# /home/ec2-user/.rvm/gems/ruby-2.6.3/gems/selenium-webdriver-3.142.7/lib/selenium/webdriver/common/service.rb:94:in `initialize'[0m
            [36m# /home/ec2-user/.rvm/gems/ruby-2.6.3/gems/selenium-webdriver-3.142.7/lib/selenium/webdriver/common/service.rb:41:in `new'[0m
            [36m# /home/ec2-user/.rvm/gems/ruby-2.6.3/gems/selenium-webdriver-3.142.7/lib/selenium/webdriver/common/service.rb:41:in `chrome'[0m
            [36m# /home/ec2-user/.rvm/gems/ruby-2.6.3/gems/selenium-webdriver-3.142.7/lib/selenium/webdriver/common/driver.rb:299:in `service_url'[0m
            [36m# /home/ec2-user/.rvm/gems/ruby-2.6.3/gems/selenium-webdriver-3.142.7/lib/selenium/webdriver/chrome/driver.rb:40:in `initialize'[0m
            [36m# /home/ec2-user/.rvm/gems/ruby-2.6.3/gems/selenium-webdriver-3.142.7/lib/selenium/webdriver/common/driver.rb:46:in `new'[0m
            [36m# /home/ec2-user/.rvm/gems/ruby-2.6.3/gems/selenium-webdriver-3.142.7/lib/selenium/webdriver/common/driver.rb:46:in `for'[0m
            [36m# /home/ec2-user/.rvm/gems/ruby-2.6.3/gems/selenium-webdriver-3.142.7/lib/selenium/webdriver.rb:88:in `for'[0m
            [36m# /home/ec2-user/.rvm/gems/ruby-2.6.3/gems/capybara-3.35.3/lib/capybara/selenium/driver.rb:83:in `browser'[0m
            [36m# /home/ec2-user/.rvm/gems/ruby-2.6.3/gems/capybara-3.35.3/lib/capybara/selenium/driver.rb:104:in `visit'[0m
            [36m# /home/ec2-user/.rvm/gems/ruby-2.6.3/gems/capybara-3.35.3/lib/capybara/session.rb:278:in `visit'[0m
            [36m# /home/ec2-user/.rvm/gems/ruby-2.6.3/gems/capybara-3.35.3/lib/capybara/dsl.rb:58:in `block (2 levels) in <module:DSL>'[0m
            [36m# ./spec/system/01_before_login_spec.rb:27:in `block (3 levels) in <top (required)>'[0m

      11.2) [31mFailure/Error: [0m[1;34;4mSystem[0m.call([31m[1;31m"[0m[31m#{executable}[0m[31m --product-version[1;31m"[0m[31m[0m).strip[0m
            [31m[0m
            [31mNoMethodError:[0m
            [31m  undefined method `strip' for nil:NilClass[0m
            [31m[0m
            [31m[0m
            [31m[0m
            [36m# /home/ec2-user/.rvm/gems/ruby-2.6.3/gems/webdrivers-3.9.4/lib/webdrivers/chromedriver.rb:145:in `chrome_on_linux'[0m
            [36m# /home/ec2-user/.rvm/gems/ruby-2.6.3/gems/webdrivers-3.9.4/lib/webdrivers/chromedriver.rb:45:in `chrome_version'[0m
            [36m# /home/ec2-user/.rvm/gems/ruby-2.6.3/gems/webdrivers-3.9.4/lib/webdrivers/chromedriver.rb:109:in `release_version'[0m
            [36m# /home/ec2-user/.rvm/gems/ruby-2.6.3/gems/webdrivers-3.9.4/lib/webdrivers/chromedriver.rb:31:in `latest_version'[0m
            [36m# /home/ec2-user/.rvm/gems/ruby-2.6.3/gems/webdrivers-3.9.4/lib/webdrivers/common.rb:155:in `correct_binary?'[0m
            [36m# /home/ec2-user/.rvm/gems/ruby-2.6.3/gems/webdrivers-3.9.4/lib/webdrivers/common.rb:93:in `update'[0m
            [36m# /home/ec2-user/.rvm/gems/ruby-2.6.3/gems/webdrivers-3.9.4/lib/webdrivers/chromedriver.rb:177:in `block in <main>'[0m
            [36m# /home/ec2-user/.rvm/gems/ruby-2.6.3/gems/selenium-webdriver-3.142.7/lib/selenium/webdriver/common/service.rb:133:in `binary_path'[0m
            [36m# /home/ec2-user/.rvm/gems/ruby-2.6.3/gems/selenium-webdriver-3.142.7/lib/selenium/webdriver/common/service.rb:94:in `initialize'[0m
            [36m# /home/ec2-user/.rvm/gems/ruby-2.6.3/gems/selenium-webdriver-3.142.7/lib/selenium/webdriver/common/service.rb:41:in `new'[0m
            [36m# /home/ec2-user/.rvm/gems/ruby-2.6.3/gems/selenium-webdriver-3.142.7/lib/selenium/webdriver/common/service.rb:41:in `chrome'[0m
            [36m# /home/ec2-user/.rvm/gems/ruby-2.6.3/gems/selenium-webdriver-3.142.7/lib/selenium/webdriver/common/driver.rb:299:in `service_url'[0m
            [36m# /home/ec2-user/.rvm/gems/ruby-2.6.3/gems/selenium-webdriver-3.142.7/lib/selenium/webdriver/chrome/driver.rb:40:in `initialize'[0m
            [36m# /home/ec2-user/.rvm/gems/ruby-2.6.3/gems/selenium-webdriver-3.142.7/lib/selenium/webdriver/common/driver.rb:46:in `new'[0m
            [36m# /home/ec2-user/.rvm/gems/ruby-2.6.3/gems/selenium-webdriver-3.142.7/lib/selenium/webdriver/common/driver.rb:46:in `for'[0m
            [36m# /home/ec2-user/.rvm/gems/ruby-2.6.3/gems/selenium-webdriver-3.142.7/lib/selenium/webdriver.rb:88:in `for'[0m
            [36m# /home/ec2-user/.rvm/gems/ruby-2.6.3/gems/capybara-3.35.3/lib/capybara/selenium/driver.rb:83:in `browser'[0m
            [36m# /home/ec2-user/.rvm/gems/ruby-2.6.3/gems/capybara-3.35.3/lib/capybara/selenium/driver.rb:156:in `save_screenshot'[0m
            [36m# /home/ec2-user/.rvm/gems/ruby-2.6.3/gems/capybara-3.35.3/lib/capybara/session.rb:735:in `block in save_screenshot'[0m
            [36m# /home/ec2-user/.rvm/gems/ruby-2.6.3/gems/capybara-3.35.3/lib/capybara/session.rb:735:in `tap'[0m
            [36m# /home/ec2-user/.rvm/gems/ruby-2.6.3/gems/capybara-3.35.3/lib/capybara/session.rb:735:in `save_screenshot'[0m

  12) [STEP1] ãƒ¦ãƒ¼ã‚¶ãƒ­ã‚°ã‚¤ãƒ³å‰ã®ãƒ†ã‚¹ãƒˆ ãŠå•ã„åˆã‚ã›ç”»é¢ã®ãƒ†ã‚¹ãƒˆ ãŠå•ã„åˆã‚ã›ç¢ºèªç”»é¢è¡¨ç¤ºå†…å®¹ã®ç¢ºèª ã€Œä»¥ä¸‹ã®å†…å®¹ã§ã‚ˆã‚ã—ã„ã§ã™ã‹ï¼Ÿã€ã¨è¡¨ç¤ºã•ã‚Œã‚‹
      [31mGot 0 failures and 2 other errors:[0m

      12.1) [31mFailure/Error: [0mvisit [31m[1;31m'[0m[31m/contacts/new[1;31m'[0m[31m[0m[0m
            [31m[0m
            [31mNoMethodError:[0m
            [31m  undefined method `strip' for nil:NilClass[0m
            [31m[0m
            [31m[0m
            [31m[0m
            [36m# /home/ec2-user/.rvm/gems/ruby-2.6.3/gems/webdrivers-3.9.4/lib/webdrivers/chromedriver.rb:145:in `chrome_on_linux'[0m
            [36m# /home/ec2-user/.rvm/gems/ruby-2.6.3/gems/webdrivers-3.9.4/lib/webdrivers/chromedriver.rb:45:in `chrome_version'[0m
            [36m# /home/ec2-user/.rvm/gems/ruby-2.6.3/gems/webdrivers-3.9.4/lib/webdrivers/chromedriver.rb:109:in `release_version'[0m
            [36m# /home/ec2-user/.rvm/gems/ruby-2.6.3/gems/webdrivers-3.9.4/lib/webdrivers/chromedriver.rb:31:in `latest_version'[0m
            [36m# /home/ec2-user/.rvm/gems/ruby-2.6.3/gems/webdrivers-3.9.4/lib/webdrivers/common.rb:155:in `correct_binary?'[0m
            [36m# /home/ec2-user/.rvm/gems/ruby-2.6.3/gems/webdrivers-3.9.4/lib/webdrivers/common.rb:93:in `update'[0m
            [36m# /home/ec2-user/.rvm/gems/ruby-2.6.3/gems/webdrivers-3.9.4/lib/webdrivers/chromedriver.rb:177:in `block in <main>'[0m
            [36m# /home/ec2-user/.rvm/gems/ruby-2.6.3/gems/selenium-webdriver-3.142.7/lib/selenium/webdriver/common/service.rb:133:in `binary_path'[0m
            [36m# /home/ec2-user/.rvm/gems/ruby-2.6.3/gems/selenium-webdriver-3.142.7/lib/selenium/webdriver/common/service.rb:94:in `initialize'[0m
            [36m# /home/ec2-user/.rvm/gems/ruby-2.6.3/gems/selenium-webdriver-3.142.7/lib/selenium/webdriver/common/service.rb:41:in `new'[0m
            [36m# /home/ec2-user/.rvm/gems/ruby-2.6.3/gems/selenium-webdriver-3.142.7/lib/selenium/webdriver/common/service.rb:41:in `chrome'[0m
            [36m# /home/ec2-user/.rvm/gems/ruby-2.6.3/gems/selenium-webdriver-3.142.7/lib/selenium/webdriver/common/driver.rb:299:in `service_url'[0m
            [36m# /home/ec2-user/.rvm/gems/ruby-2.6.3/gems/selenium-webdriver-3.142.7/lib/selenium/webdriver/chrome/driver.rb:40:in `initialize'[0m
            [36m# /home/ec2-user/.rvm/gems/ruby-2.6.3/gems/selenium-webdriver-3.142.7/lib/selenium/webdriver/common/driver.rb:46:in `new'[0m
            [36m# /home/ec2-user/.rvm/gems/ruby-2.6.3/gems/selenium-webdriver-3.142.7/lib/selenium/webdriver/common/driver.rb:46:in `for'[0m
            [36m# /home/ec2-user/.rvm/gems/ruby-2.6.3/gems/selenium-webdriver-3.142.7/lib/selenium/webdriver.rb:88:in `for'[0m
            [36m# /home/ec2-user/.rvm/gems/ruby-2.6.3/gems/capybara-3.35.3/lib/capybara/selenium/driver.rb:83:in `browser'[0m
            [36m# /home/ec2-user/.rvm/gems/ruby-2.6.3/gems/capybara-3.35.3/lib/capybara/selenium/driver.rb:104:in `visit'[0m
            [36m# /home/ec2-user/.rvm/gems/ruby-2.6.3/gems/capybara-3.35.3/lib/capybara/session.rb:278:in `visit'[0m
            [36m# /home/ec2-user/.rvm/gems/ruby-2.6.3/gems/capybara-3.35.3/lib/capybara/dsl.rb:58:in `block (2 levels) in <module:DSL>'[0m
            [36m# ./spec/system/01_before_login_spec.rb:27:in `block (3 levels) in <top (required)>'[0m

      12.2) [31mFailure/Error: [0m[1;34;4mSystem[0m.call([31m[1;31m"[0m[31m#{executable}[0m[31m --product-version[1;31m"[0m[31m[0m).strip[0m
            [31m[0m
            [31mNoMethodError:[0m
            [31m  undefined method `strip' for nil:NilClass[0m
            [31m[0m
            [31m[0m
            [31m[0m
            [36m# /home/ec2-user/.rvm/gems/ruby-2.6.3/gems/webdrivers-3.9.4/lib/webdrivers/chromedriver.rb:145:in `chrome_on_linux'[0m
            [36m# /home/ec2-user/.rvm/gems/ruby-2.6.3/gems/webdrivers-3.9.4/lib/webdrivers/chromedriver.rb:45:in `chrome_version'[0m
            [36m# /home/ec2-user/.rvm/gems/ruby-2.6.3/gems/webdrivers-3.9.4/lib/webdrivers/chromedriver.rb:109:in `release_version'[0m
            [36m# /home/ec2-user/.rvm/gems/ruby-2.6.3/gems/webdrivers-3.9.4/lib/webdrivers/chromedriver.rb:31:in `latest_version'[0m
            [36m# /home/ec2-user/.rvm/gems/ruby-2.6.3/gems/webdrivers-3.9.4/lib/webdrivers/common.rb:155:in `correct_binary?'[0m
            [36m# /home/ec2-user/.rvm/gems/ruby-2.6.3/gems/webdrivers-3.9.4/lib/webdrivers/common.rb:93:in `update'[0m
            [36m# /home/ec2-user/.rvm/gems/ruby-2.6.3/gems/webdrivers-3.9.4/lib/webdrivers/chromedriver.rb:177:in `block in <main>'[0m
            [36m# /home/ec2-user/.rvm/gems/ruby-2.6.3/gems/selenium-webdriver-3.142.7/lib/selenium/webdriver/common/service.rb:133:in `binary_path'[0m
            [36m# /home/ec2-user/.rvm/gems/ruby-2.6.3/gems/selenium-webdriver-3.142.7/lib/selenium/webdriver/common/service.rb:94:in `initialize'[0m
            [36m# /home/ec2-user/.rvm/gems/ruby-2.6.3/gems/selenium-webdriver-3.142.7/lib/selenium/webdriver/common/service.rb:41:in `new'[0m
            [36m# /home/ec2-user/.rvm/gems/ruby-2.6.3/gems/selenium-webdriver-3.142.7/lib/selenium/webdriver/common/service.rb:41:in `chrome'[0m
            [36m# /home/ec2-user/.rvm/gems/ruby-2.6.3/gems/selenium-webdriver-3.142.7/lib/selenium/webdriver/common/driver.rb:299:in `service_url'[0m
            [36m# /home/ec2-user/.rvm/gems/ruby-2.6.3/gems/selenium-webdriver-3.142.7/lib/selenium/webdriver/chrome/driver.rb:40:in `initialize'[0m
            [36m# /home/ec2-user/.rvm/gems/ruby-2.6.3/gems/selenium-webdriver-3.142.7/lib/selenium/webdriver/common/driver.rb:46:in `new'[0m
            [36m# /home/ec2-user/.rvm/gems/ruby-2.6.3/gems/selenium-webdriver-3.142.7/lib/selenium/webdriver/common/driver.rb:46:in `for'[0m
            [36m# /home/ec2-user/.rvm/gems/ruby-2.6.3/gems/selenium-webdriver-3.142.7/lib/selenium/webdriver.rb:88:in `for'[0m
            [36m# /home/ec2-user/.rvm/gems/ruby-2.6.3/gems/capybara-3.35.3/lib/capybara/selenium/driver.rb:83:in `browser'[0m
            [36m# /home/ec2-user/.rvm/gems/ruby-2.6.3/gems/capybara-3.35.3/lib/capybara/selenium/driver.rb:156:in `save_screenshot'[0m
            [36m# /home/ec2-user/.rvm/gems/ruby-2.6.3/gems/capybara-3.35.3/lib/capybara/session.rb:735:in `block in save_screenshot'[0m
            [36m# /home/ec2-user/.rvm/gems/ruby-2.6.3/gems/capybara-3.35.3/lib/capybara/session.rb:735:in `tap'[0m
            [36m# /home/ec2-user/.rvm/gems/ruby-2.6.3/gems/capybara-3.35.3/lib/capybara/session.rb:735:in `save_screenshot'[0m

  13) [STEP1] ãƒ¦ãƒ¼ã‚¶ãƒ­ã‚°ã‚¤ãƒ³å‰ã®ãƒ†ã‚¹ãƒˆ ãŠå•ã„åˆã‚ã›ç”»é¢ã®ãƒ†ã‚¹ãƒˆ ãŠå•ã„åˆã‚ã›ç¢ºèªç”»é¢è¡¨ç¤ºå†…å®¹ã®ç¢ºèª ãŠåå‰ãŒè¡¨ç¤ºã•ã‚Œã‚‹
      [31mGot 0 failures and 2 other errors:[0m

      13.1) [31mFailure/Error: [0mvisit [31m[1;31m'[0m[31m/contacts/new[1;31m'[0m[31m[0m[0m
            [31m[0m
            [31mNoMethodError:[0m
            [31m  undefined method `strip' for nil:NilClass[0m
            [31m[0m
            [31m[0m
            [31m[0m
            [36m# /home/ec2-user/.rvm/gems/ruby-2.6.3/gems/webdrivers-3.9.4/lib/webdrivers/chromedriver.rb:145:in `chrome_on_linux'[0m
            [36m# /home/ec2-user/.rvm/gems/ruby-2.6.3/gems/webdrivers-3.9.4/lib/webdrivers/chromedriver.rb:45:in `chrome_version'[0m
            [36m# /home/ec2-user/.rvm/gems/ruby-2.6.3/gems/webdrivers-3.9.4/lib/webdrivers/chromedriver.rb:109:in `release_version'[0m
            [36m# /home/ec2-user/.rvm/gems/ruby-2.6.3/gems/webdrivers-3.9.4/lib/webdrivers/chromedriver.rb:31:in `latest_version'[0m
            [36m# /home/ec2-user/.rvm/gems/ruby-2.6.3/gems/webdrivers-3.9.4/lib/webdrivers/common.rb:155:in `correct_binary?'[0m
            [36m# /home/ec2-user/.rvm/gems/ruby-2.6.3/gems/webdrivers-3.9.4/lib/webdrivers/common.rb:93:in `update'[0m
            [36m# /home/ec2-user/.rvm/gems/ruby-2.6.3/gems/webdrivers-3.9.4/lib/webdrivers/chromedriver.rb:177:in `block in <main>'[0m
            [36m# /home/ec2-user/.rvm/gems/ruby-2.6.3/gems/selenium-webdriver-3.142.7/lib/selenium/webdriver/common/service.rb:133:in `binary_path'[0m
            [36m# /home/ec2-user/.rvm/gems/ruby-2.6.3/gems/selenium-webdriver-3.142.7/lib/selenium/webdriver/common/service.rb:94:in `initialize'[0m
            [36m# /home/ec2-user/.rvm/gems/ruby-2.6.3/gems/selenium-webdriver-3.142.7/lib/selenium/webdriver/common/service.rb:41:in `new'[0m
            [36m# /home/ec2-user/.rvm/gems/ruby-2.6.3/gems/selenium-webdriver-3.142.7/lib/selenium/webdriver/common/service.rb:41:in `chrome'[0m
            [36m# /home/ec2-user/.rvm/gems/ruby-2.6.3/gems/selenium-webdriver-3.142.7/lib/selenium/webdriver/common/driver.rb:299:in `service_url'[0m
            [36m# /home/ec2-user/.rvm/gems/ruby-2.6.3/gems/selenium-webdriver-3.142.7/lib/selenium/webdriver/chrome/driver.rb:40:in `initialize'[0m
            [36m# /home/ec2-user/.rvm/gems/ruby-2.6.3/gems/selenium-webdriver-3.142.7/lib/selenium/webdriver/common/driver.rb:46:in `new'[0m
            [36m# /home/ec2-user/.rvm/gems/ruby-2.6.3/gems/selenium-webdriver-3.142.7/lib/selenium/webdriver/common/driver.rb:46:in `for'[0m
            [36m# /home/ec2-user/.rvm/gems/ruby-2.6.3/gems/selenium-webdriver-3.142.7/lib/selenium/webdriver.rb:88:in `for'[0m
            [36m# /home/ec2-user/.rvm/gems/ruby-2.6.3/gems/capybara-3.35.3/lib/capybara/selenium/driver.rb:83:in `browser'[0m
            [36m# /home/ec2-user/.rvm/gems/ruby-2.6.3/gems/capybara-3.35.3/lib/capybara/selenium/driver.rb:104:in `visit'[0m
            [36m# /home/ec2-user/.rvm/gems/ruby-2.6.3/gems/capybara-3.35.3/lib/capybara/session.rb:278:in `visit'[0m
            [36m# /home/ec2-user/.rvm/gems/ruby-2.6.3/gems/capybara-3.35.3/lib/capybara/dsl.rb:58:in `block (2 levels) in <module:DSL>'[0m
            [36m# ./spec/system/01_before_login_spec.rb:27:in `block (3 levels) in <top (required)>'[0m

      13.2) [31mFailure/Error: [0m[1;34;4mSystem[0m.call([31m[1;31m"[0m[31m#{executable}[0m[31m --product-version[1;31m"[0m[31m[0m).strip[0m
            [31m[0m
            [31mNoMethodError:[0m
            [31m  undefined method `strip' for nil:NilClass[0m
            [31m[0m
            [31m[0m
            [31m[0m
            [36m# /home/ec2-user/.rvm/gems/ruby-2.6.3/gems/webdrivers-3.9.4/lib/webdrivers/chromedriver.rb:145:in `chrome_on_linux'[0m
            [36m# /home/ec2-user/.rvm/gems/ruby-2.6.3/gems/webdrivers-3.9.4/lib/webdrivers/chromedriver.rb:45:in `chrome_version'[0m
            [36m# /home/ec2-user/.rvm/gems/ruby-2.6.3/gems/webdrivers-3.9.4/lib/webdrivers/chromedriver.rb:109:in `release_version'[0m
            [36m# /home/ec2-user/.rvm/gems/ruby-2.6.3/gems/webdrivers-3.9.4/lib/webdrivers/chromedriver.rb:31:in `latest_version'[0m
            [36m# /home/ec2-user/.rvm/gems/ruby-2.6.3/gems/webdrivers-3.9.4/lib/webdrivers/common.rb:155:in `correct_binary?'[0m
            [36m# /home/ec2-user/.rvm/gems/ruby-2.6.3/gems/webdrivers-3.9.4/lib/webdrivers/common.rb:93:in `update'[0m
            [36m# /home/ec2-user/.rvm/gems/ruby-2.6.3/gems/webdrivers-3.9.4/lib/webdrivers/chromedriver.rb:177:in `block in <main>'[0m
            [36m# /home/ec2-user/.rvm/gems/ruby-2.6.3/gems/selenium-webdriver-3.142.7/lib/selenium/webdriver/common/service.rb:133:in `binary_path'[0m
            [36m# /home/ec2-user/.rvm/gems/ruby-2.6.3/gems/selenium-webdriver-3.142.7/lib/selenium/webdriver/common/service.rb:94:in `initialize'[0m
            [36m# /home/ec2-user/.rvm/gems/ruby-2.6.3/gems/selenium-webdriver-3.142.7/lib/selenium/webdriver/common/service.rb:41:in `new'[0m
            [36m# /home/ec2-user/.rvm/gems/ruby-2.6.3/gems/selenium-webdriver-3.142.7/lib/selenium/webdriver/common/service.rb:41:in `chrome'[0m
            [36m# /home/ec2-user/.rvm/gems/ruby-2.6.3/gems/selenium-webdriver-3.142.7/lib/selenium/webdriver/common/driver.rb:299:in `service_url'[0m
            [36m# /home/ec2-user/.rvm/gems/ruby-2.6.3/gems/selenium-webdriver-3.142.7/lib/selenium/webdriver/chrome/driver.rb:40:in `initialize'[0m
            [36m# /home/ec2-user/.rvm/gems/ruby-2.6.3/gems/selenium-webdriver-3.142.7/lib/selenium/webdriver/common/driver.rb:46:in `new'[0m
            [36m# /home/ec2-user/.rvm/gems/ruby-2.6.3/gems/selenium-webdriver-3.142.7/lib/selenium/webdriver/common/driver.rb:46:in `for'[0m
            [36m# /home/ec2-user/.rvm/gems/ruby-2.6.3/gems/selenium-webdriver-3.142.7/lib/selenium/webdriver.rb:88:in `for'[0m
            [36m# /home/ec2-user/.rvm/gems/ruby-2.6.3/gems/capybara-3.35.3/lib/capybara/selenium/driver.rb:83:in `browser'[0m
            [36m# /home/ec2-user/.rvm/gems/ruby-2.6.3/gems/capybara-3.35.3/lib/capybara/selenium/driver.rb:156:in `save_screenshot'[0m
            [36m# /home/ec2-user/.rvm/gems/ruby-2.6.3/gems/capybara-3.35.3/lib/capybara/session.rb:735:in `block in save_screenshot'[0m
            [36m# /home/ec2-user/.rvm/gems/ruby-2.6.3/gems/capybara-3.35.3/lib/capybara/session.rb:735:in `tap'[0m
            [36m# /home/ec2-user/.rvm/gems/ruby-2.6.3/gems/capybara-3.35.3/lib/capybara/session.rb:735:in `save_screenshot'[0m

  14) [STEP1] ãƒ¦ãƒ¼ã‚¶ãƒ­ã‚°ã‚¤ãƒ³å‰ã®ãƒ†ã‚¹ãƒˆ ãŠå•ã„åˆã‚ã›ç”»é¢ã®ãƒ†ã‚¹ãƒˆ ãŠå•ã„åˆã‚ã›ç¢ºèªç”»é¢è¡¨ç¤ºå†…å®¹ã®ç¢ºèª ãƒ¡ãƒ¼ãƒ«ã‚¢ãƒ‰ãƒ¬ã‚¹ãŒè¡¨ç¤ºã•ã‚Œã‚‹
      [31mGot 0 failures and 2 other errors:[0m

      14.1) [31mFailure/Error: [0mvisit [31m[1;31m'[0m[31m/contacts/new[1;31m'[0m[31m[0m[0m
            [31m[0m
            [31mNoMethodError:[0m
            [31m  undefined method `strip' for nil:NilClass[0m
            [31m[0m
            [31m[0m
            [31m[0m
            [36m# /home/ec2-user/.rvm/gems/ruby-2.6.3/gems/webdrivers-3.9.4/lib/webdrivers/chromedriver.rb:145:in `chrome_on_linux'[0m
            [36m# /home/ec2-user/.rvm/gems/ruby-2.6.3/gems/webdrivers-3.9.4/lib/webdrivers/chromedriver.rb:45:in `chrome_version'[0m
            [36m# /home/ec2-user/.rvm/gems/ruby-2.6.3/gems/webdrivers-3.9.4/lib/webdrivers/chromedriver.rb:109:in `release_version'[0m
            [36m# /home/ec2-user/.rvm/gems/ruby-2.6.3/gems/webdrivers-3.9.4/lib/webdrivers/chromedriver.rb:31:in `latest_version'[0m
            [36m# /home/ec2-user/.rvm/gems/ruby-2.6.3/gems/webdrivers-3.9.4/lib/webdrivers/common.rb:155:in `correct_binary?'[0m
            [36m# /home/ec2-user/.rvm/gems/ruby-2.6.3/gems/webdrivers-3.9.4/lib/webdrivers/common.rb:93:in `update'[0m
            [36m# /home/ec2-user/.rvm/gems/ruby-2.6.3/gems/webdrivers-3.9.4/lib/webdrivers/chromedriver.rb:177:in `block in <main>'[0m
            [36m# /home/ec2-user/.rvm/gems/ruby-2.6.3/gems/selenium-webdriver-3.142.7/lib/selenium/webdriver/common/service.rb:133:in `binary_path'[0m
            [36m# /home/ec2-user/.rvm/gems/ruby-2.6.3/gems/selenium-webdriver-3.142.7/lib/selenium/webdriver/common/service.rb:94:in `initialize'[0m
            [36m# /home/ec2-user/.rvm/gems/ruby-2.6.3/gems/selenium-webdriver-3.142.7/lib/selenium/webdriver/common/service.rb:41:in `new'[0m
            [36m# /home/ec2-user/.rvm/gems/ruby-2.6.3/gems/selenium-webdriver-3.142.7/lib/selenium/webdriver/common/service.rb:41:in `chrome'[0m
            [36m# /home/ec2-user/.rvm/gems/ruby-2.6.3/gems/selenium-webdriver-3.142.7/lib/selenium/webdriver/common/driver.rb:299:in `service_url'[0m
            [36m# /home/ec2-user/.rvm/gems/ruby-2.6.3/gems/selenium-webdriver-3.142.7/lib/selenium/webdriver/chrome/driver.rb:40:in `initialize'[0m
            [36m# /home/ec2-user/.rvm/gems/ruby-2.6.3/gems/selenium-webdriver-3.142.7/lib/selenium/webdriver/common/driver.rb:46:in `new'[0m
            [36m# /home/ec2-user/.rvm/gems/ruby-2.6.3/gems/selenium-webdriver-3.142.7/lib/selenium/webdriver/common/driver.rb:46:in `for'[0m
            [36m# /home/ec2-user/.rvm/gems/ruby-2.6.3/gems/selenium-webdriver-3.142.7/lib/selenium/webdriver.rb:88:in `for'[0m
            [36m# /home/ec2-user/.rvm/gems/ruby-2.6.3/gems/capybara-3.35.3/lib/capybara/selenium/driver.rb:83:in `browser'[0m
            [36m# /home/ec2-user/.rvm/gems/ruby-2.6.3/gems/capybara-3.35.3/lib/capybara/selenium/driver.rb:104:in `visit'[0m
            [36m# /home/ec2-user/.rvm/gems/ruby-2.6.3/gems/capybara-3.35.3/lib/capybara/session.rb:278:in `visit'[0m
            [36m# /home/ec2-user/.rvm/gems/ruby-2.6.3/gems/capybara-3.35.3/lib/capybara/dsl.rb:58:in `block (2 levels) in <module:DSL>'[0m
            [36m# ./spec/system/01_before_login_spec.rb:27:in `block (3 levels) in <top (required)>'[0m

      14.2) [31mFailure/Error: [0m[1;34;4mSystem[0m.call([31m[1;31m"[0m[31m#{executable}[0m[31m --product-version[1;31m"[0m[31m[0m).strip[0m
            [31m[0m
            [31mNoMethodError:[0m
            [31m  undefined method `strip' for nil:NilClass[0m
            [31m[0m
            [31m[0m
            [31m[0m
            [36m# /home/ec2-user/.rvm/gems/ruby-2.6.3/gems/webdrivers-3.9.4/lib/webdrivers/chromedriver.rb:145:in `chrome_on_linux'[0m
            [36m# /home/ec2-user/.rvm/gems/ruby-2.6.3/gems/webdrivers-3.9.4/lib/webdrivers/chromedriver.rb:45:in `chrome_version'[0m
            [36m# /home/ec2-user/.rvm/gems/ruby-2.6.3/gems/webdrivers-3.9.4/lib/webdrivers/chromedriver.rb:109:in `release_version'[0m
            [36m# /home/ec2-user/.rvm/gems/ruby-2.6.3/gems/webdrivers-3.9.4/lib/webdrivers/chromedriver.rb:31:in `latest_version'[0m
            [36m# /home/ec2-user/.rvm/gems/ruby-2.6.3/gems/webdrivers-3.9.4/lib/webdrivers/common.rb:155:in `correct_binary?'[0m
            [36m# /home/ec2-user/.rvm/gems/ruby-2.6.3/gems/webdrivers-3.9.4/lib/webdrivers/common.rb:93:in `update'[0m
            [36m# /home/ec2-user/.rvm/gems/ruby-2.6.3/gems/webdrivers-3.9.4/lib/webdrivers/chromedriver.rb:177:in `block in <main>'[0m
            [36m# /home/ec2-user/.rvm/gems/ruby-2.6.3/gems/selenium-webdriver-3.142.7/lib/selenium/webdriver/common/service.rb:133:in `binary_path'[0m
            [36m# /home/ec2-user/.rvm/gems/ruby-2.6.3/gems/selenium-webdriver-3.142.7/lib/selenium/webdriver/common/service.rb:94:in `initialize'[0m
            [36m# /home/ec2-user/.rvm/gems/ruby-2.6.3/gems/selenium-webdriver-3.142.7/lib/selenium/webdriver/common/service.rb:41:in `new'[0m
            [36m# /home/ec2-user/.rvm/gems/ruby-2.6.3/gems/selenium-webdriver-3.142.7/lib/selenium/webdriver/common/service.rb:41:in `chrome'[0m
            [36m# /home/ec2-user/.rvm/gems/ruby-2.6.3/gems/selenium-webdriver-3.142.7/lib/selenium/webdriver/common/driver.rb:299:in `service_url'[0m
            [36m# /home/ec2-user/.rvm/gems/ruby-2.6.3/gems/selenium-webdriver-3.142.7/lib/selenium/webdriver/chrome/driver.rb:40:in `initialize'[0m
            [36m# /home/ec2-user/.rvm/gems/ruby-2.6.3/gems/selenium-webdriver-3.142.7/lib/selenium/webdriver/common/driver.rb:46:in `new'[0m
            [36m# /home/ec2-user/.rvm/gems/ruby-2.6.3/gems/selenium-webdriver-3.142.7/lib/selenium/webdriver/common/driver.rb:46:in `for'[0m
            [36m# /home/ec2-user/.rvm/gems/ruby-2.6.3/gems/selenium-webdriver-3.142.7/lib/selenium/webdriver.rb:88:in `for'[0m
            [36m# /home/ec2-user/.rvm/gems/ruby-2.6.3/gems/capybara-3.35.3/lib/capybara/selenium/driver.rb:83:in `browser'[0m
            [36m# /home/ec2-user/.rvm/gems/ruby-2.6.3/gems/capybara-3.35.3/lib/capybara/selenium/driver.rb:156:in `save_screenshot'[0m
            [36m# /home/ec2-user/.rvm/gems/ruby-2.6.3/gems/capybara-3.35.3/lib/capybara/session.rb:735:in `block in save_screenshot'[0m
            [36m# /home/ec2-user/.rvm/gems/ruby-2.6.3/gems/capybara-3.35.3/lib/capybara/session.rb:735:in `tap'[0m
            [36m# /home/ec2-user/.rvm/gems/ruby-2.6.3/gems/capybara-3.35.3/lib/capybara/session.rb:735:in `save_screenshot'[0m

  15) [STEP1] ãƒ¦ãƒ¼ã‚¶ãƒ­ã‚°ã‚¤ãƒ³å‰ã®ãƒ†ã‚¹ãƒˆ ãŠå•ã„åˆã‚ã›ç”»é¢ã®ãƒ†ã‚¹ãƒˆ ãŠå•ã„åˆã‚ã›ç¢ºèªç”»é¢è¡¨ç¤ºå†…å®¹ã®ç¢ºèª ãŠå•ã„åˆã‚ã›å†…å®¹ãŒè¡¨ç¤ºã•ã‚Œã‚‹
      [31mGot 0 failures and 2 other errors:[0m

      15.1) [31mFailure/Error: [0mvisit [31m[1;31m'[0m[31m/contacts/new[1;31m'[0m[31m[0m[0m
            [31m[0m
            [31mNoMethodError:[0m
            [31m  undefined method `strip' for nil:NilClass[0m
            [31m[0m
            [31m[0m
            [31m[0m
            [36m# /home/ec2-user/.rvm/gems/ruby-2.6.3/gems/webdrivers-3.9.4/lib/webdrivers/chromedriver.rb:145:in `chrome_on_linux'[0m
            [36m# /home/ec2-user/.rvm/gems/ruby-2.6.3/gems/webdrivers-3.9.4/lib/webdrivers/chromedriver.rb:45:in `chrome_version'[0m
            [36m# /home/ec2-user/.rvm/gems/ruby-2.6.3/gems/webdrivers-3.9.4/lib/webdrivers/chromedriver.rb:109:in `release_version'[0m
            [36m# /home/ec2-user/.rvm/gems/ruby-2.6.3/gems/webdrivers-3.9.4/lib/webdrivers/chromedriver.rb:31:in `latest_version'[0m
            [36m# /home/ec2-user/.rvm/gems/ruby-2.6.3/gems/webdrivers-3.9.4/lib/webdrivers/common.rb:155:in `correct_binary?'[0m
            [36m# /home/ec2-user/.rvm/gems/ruby-2.6.3/gems/webdrivers-3.9.4/lib/webdrivers/common.rb:93:in `update'[0m
            [36m# /home/ec2-user/.rvm/gems/ruby-2.6.3/gems/webdrivers-3.9.4/lib/webdrivers/chromedriver.rb:177:in `block in <main>'[0m
            [36m# /home/ec2-user/.rvm/gems/ruby-2.6.3/gems/selenium-webdriver-3.142.7/lib/selenium/webdriver/common/service.rb:133:in `binary_path'[0m
            [36m# /home/ec2-user/.rvm/gems/ruby-2.6.3/gems/selenium-webdriver-3.142.7/lib/selenium/webdriver/common/service.rb:94:in `initialize'[0m
            [36m# /home/ec2-user/.rvm/gems/ruby-2.6.3/gems/selenium-webdriver-3.142.7/lib/selenium/webdriver/common/service.rb:41:in `new'[0m
            [36m# /home/ec2-user/.rvm/gems/ruby-2.6.3/gems/selenium-webdriver-3.142.7/lib/selenium/webdriver/common/service.rb:41:in `chrome'[0m
            [36m# /home/ec2-user/.rvm/gems/ruby-2.6.3/gems/selenium-webdriver-3.142.7/lib/selenium/webdriver/common/driver.rb:299:in `service_url'[0m
            [36m# /home/ec2-user/.rvm/gems/ruby-2.6.3/gems/selenium-webdriver-3.142.7/lib/selenium/webdriver/chrome/driver.rb:40:in `initialize'[0m
            [36m# /home/ec2-user/.rvm/gems/ruby-2.6.3/gems/selenium-webdriver-3.142.7/lib/selenium/webdriver/common/driver.rb:46:in `new'[0m
            [36m# /home/ec2-user/.rvm/gems/ruby-2.6.3/gems/selenium-webdriver-3.142.7/lib/selenium/webdriver/common/driver.rb:46:in `for'[0m
            [36m# /home/ec2-user/.rvm/gems/ruby-2.6.3/gems/selenium-webdriver-3.142.7/lib/selenium/webdriver.rb:88:in `for'[0m
            [36m# /home/ec2-user/.rvm/gems/ruby-2.6.3/gems/capybara-3.35.3/lib/capybara/selenium/driver.rb:83:in `browser'[0m
            [36m# /home/ec2-user/.rvm/gems/ruby-2.6.3/gems/capybara-3.35.3/lib/capybara/selenium/driver.rb:104:in `visit'[0m
            [36m# /home/ec2-user/.rvm/gems/ruby-2.6.3/gems/capybara-3.35.3/lib/capybara/session.rb:278:in `visit'[0m
            [36m# /home/ec2-user/.rvm/gems/ruby-2.6.3/gems/capybara-3.35.3/lib/capybara/dsl.rb:58:in `block (2 levels) in <module:DSL>'[0m
            [36m# ./spec/system/01_before_login_spec.rb:27:in `block (3 levels) in <top (required)>'[0m

      15.2) [31mFailure/Error: [0m[1;34;4mSystem[0m.call([31m[1;31m"[0m[31m#{executable}[0m[31m --product-version[1;31m"[0m[31m[0m).strip[0m
            [31m[0m
            [31mNoMethodError:[0m
            [31m  undefined method `strip' for nil:NilClass[0m
            [31m[0m
            [31m[0m
            [31m[0m
            [36m# /home/ec2-user/.rvm/gems/ruby-2.6.3/gems/webdrivers-3.9.4/lib/webdrivers/chromedriver.rb:145:in `chrome_on_linux'[0m
            [36m# /home/ec2-user/.rvm/gems/ruby-2.6.3/gems/webdrivers-3.9.4/lib/webdrivers/chromedriver.rb:45:in `chrome_version'[0m
            [36m# /home/ec2-user/.rvm/gems/ruby-2.6.3/gems/webdrivers-3.9.4/lib/webdrivers/chromedriver.rb:109:in `release_version'[0m
            [36m# /home/ec2-user/.rvm/gems/ruby-2.6.3/gems/webdrivers-3.9.4/lib/webdrivers/chromedriver.rb:31:in `latest_version'[0m
            [36m# /home/ec2-user/.rvm/gems/ruby-2.6.3/gems/webdrivers-3.9.4/lib/webdrivers/common.rb:155:in `correct_binary?'[0m
            [36m# /home/ec2-user/.rvm/gems/ruby-2.6.3/gems/webdrivers-3.9.4/lib/webdrivers/common.rb:93:in `update'[0m
            [36m# /home/ec2-user/.rvm/gems/ruby-2.6.3/gems/webdrivers-3.9.4/lib/webdrivers/chromedriver.rb:177:in `block in <main>'[0m
            [36m# /home/ec2-user/.rvm/gems/ruby-2.6.3/gems/selenium-webdriver-3.142.7/lib/selenium/webdriver/common/service.rb:133:in `binary_path'[0m
            [36m# /home/ec2-user/.rvm/gems/ruby-2.6.3/gems/selenium-webdriver-3.142.7/lib/selenium/webdriver/common/service.rb:94:in `initialize'[0m
            [36m# /home/ec2-user/.rvm/gems/ruby-2.6.3/gems/selenium-webdriver-3.142.7/lib/selenium/webdriver/common/service.rb:41:in `new'[0m
            [36m# /home/ec2-user/.rvm/gems/ruby-2.6.3/gems/selenium-webdriver-3.142.7/lib/selenium/webdriver/common/service.rb:41:in `chrome'[0m
            [36m# /home/ec2-user/.rvm/gems/ruby-2.6.3/gems/selenium-webdriver-3.142.7/lib/selenium/webdriver/common/driver.rb:299:in `service_url'[0m
            [36m# /home/ec2-user/.rvm/gems/ruby-2.6.3/gems/selenium-webdriver-3.142.7/lib/selenium/webdriver/chrome/driver.rb:40:in `initialize'[0m
            [36m# /home/ec2-user/.rvm/gems/ruby-2.6.3/gems/selenium-webdriver-3.142.7/lib/selenium/webdriver/common/driver.rb:46:in `new'[0m
            [36m# /home/ec2-user/.rvm/gems/ruby-2.6.3/gems/selenium-webdriver-3.142.7/lib/selenium/webdriver/common/driver.rb:46:in `for'[0m
            [36m# /home/ec2-user/.rvm/gems/ruby-2.6.3/gems/selenium-webdriver-3.142.7/lib/selenium/webdriver.rb:88:in `for'[0m
            [36m# /home/ec2-user/.rvm/gems/ruby-2.6.3/gems/capybara-3.35.3/lib/capybara/selenium/driver.rb:83:in `browser'[0m
            [36m# /home/ec2-user/.rvm/gems/ruby-2.6.3/gems/capybara-3.35.3/lib/capybara/selenium/driver.rb:156:in `save_screenshot'[0m
            [36m# /home/ec2-user/.rvm/gems/ruby-2.6.3/gems/capybara-3.35.3/lib/capybara/session.rb:735:in `block in save_screenshot'[0m
            [36m# /home/ec2-user/.rvm/gems/ruby-2.6.3/gems/capybara-3.35.3/lib/capybara/session.rb:735:in `tap'[0m
            [36m# /home/ec2-user/.rvm/gems/ruby-2.6.3/gems/capybara-3.35.3/lib/capybara/session.rb:735:in `save_screenshot'[0m

  16) [STEP1] ãƒ¦ãƒ¼ã‚¶ãƒ­ã‚°ã‚¤ãƒ³å‰ã®ãƒ†ã‚¹ãƒˆ ãŠå•ã„åˆã‚ã›ç”»é¢ã®ãƒ†ã‚¹ãƒˆ ãŠå•ã„åˆã‚ã›ç¢ºèªç”»é¢è¡¨ç¤ºå†…å®¹ã®ç¢ºèª ä¿®æ­£ã™ã‚‹ãƒœã‚¿ãƒ³ãŒè¡¨ç¤ºã•ã‚Œã‚‹
      [31mGot 0 failures and 2 other errors:[0m

      16.1) [31mFailure/Error: [0mvisit [31m[1;31m'[0m[31m/contacts/new[1;31m'[0m[31m[0m[0m
            [31m[0m
            [31mNoMethodError:[0m
            [31m  undefined method `strip' for nil:NilClass[0m
            [31m[0m
            [31m[0m
            [31m[0m
            [36m# /home/ec2-user/.rvm/gems/ruby-2.6.3/gems/webdrivers-3.9.4/lib/webdrivers/chromedriver.rb:145:in `chrome_on_linux'[0m
            [36m# /home/ec2-user/.rvm/gems/ruby-2.6.3/gems/webdrivers-3.9.4/lib/webdrivers/chromedriver.rb:45:in `chrome_version'[0m
            [36m# /home/ec2-user/.rvm/gems/ruby-2.6.3/gems/webdrivers-3.9.4/lib/webdrivers/chromedriver.rb:109:in `release_version'[0m
            [36m# /home/ec2-user/.rvm/gems/ruby-2.6.3/gems/webdrivers-3.9.4/lib/webdrivers/chromedriver.rb:31:in `latest_version'[0m
            [36m# /home/ec2-user/.rvm/gems/ruby-2.6.3/gems/webdrivers-3.9.4/lib/webdrivers/common.rb:155:in `correct_binary?'[0m
            [36m# /home/ec2-user/.rvm/gems/ruby-2.6.3/gems/webdrivers-3.9.4/lib/webdrivers/common.rb:93:in `update'[0m
            [36m# /home/ec2-user/.rvm/gems/ruby-2.6.3/gems/webdrivers-3.9.4/lib/webdrivers/chromedriver.rb:177:in `block in <main>'[0m
            [36m# /home/ec2-user/.rvm/gems/ruby-2.6.3/gems/selenium-webdriver-3.142.7/lib/selenium/webdriver/common/service.rb:133:in `binary_path'[0m
            [36m# /home/ec2-user/.rvm/gems/ruby-2.6.3/gems/selenium-webdriver-3.142.7/lib/selenium/webdriver/common/service.rb:94:in `initialize'[0m
            [36m# /home/ec2-user/.rvm/gems/ruby-2.6.3/gems/selenium-webdriver-3.142.7/lib/selenium/webdriver/common/service.rb:41:in `new'[0m
            [36m# /home/ec2-user/.rvm/gems/ruby-2.6.3/gems/selenium-webdriver-3.142.7/lib/selenium/webdriver/common/service.rb:41:in `chrome'[0m
            [36m# /home/ec2-user/.rvm/gems/ruby-2.6.3/gems/selenium-webdriver-3.142.7/lib/selenium/webdriver/common/driver.rb:299:in `service_url'[0m
            [36m# /home/ec2-user/.rvm/gems/ruby-2.6.3/gems/selenium-webdriver-3.142.7/lib/selenium/webdriver/chrome/driver.rb:40:in `initialize'[0m
            [36m# /home/ec2-user/.rvm/gems/ruby-2.6.3/gems/selenium-webdriver-3.142.7/lib/selenium/webdriver/common/driver.rb:46:in `new'[0m
            [36m# /home/ec2-user/.rvm/gems/ruby-2.6.3/gems/selenium-webdriver-3.142.7/lib/selenium/webdriver/common/driver.rb:46:in `for'[0m
            [36m# /home/ec2-user/.rvm/gems/ruby-2.6.3/gems/selenium-webdriver-3.142.7/lib/selenium/webdriver.rb:88:in `for'[0m
            [36m# /home/ec2-user/.rvm/gems/ruby-2.6.3/gems/capybara-3.35.3/lib/capybara/selenium/driver.rb:83:in `browser'[0m
            [36m# /home/ec2-user/.rvm/gems/ruby-2.6.3/gems/capybara-3.35.3/lib/capybara/selenium/driver.rb:104:in `visit'[0m
            [36m# /home/ec2-user/.rvm/gems/ruby-2.6.3/gems/capybara-3.35.3/lib/capybara/session.rb:278:in `visit'[0m
            [36m# /home/ec2-user/.rvm/gems/ruby-2.6.3/gems/capybara-3.35.3/lib/capybara/dsl.rb:58:in `block (2 levels) in <module:DSL>'[0m
            [36m# ./spec/system/01_before_login_spec.rb:27:in `block (3 levels) in <top (required)>'[0m

      16.2) [31mFailure/Error: [0m[1;34;4mSystem[0m.call([31m[1;31m"[0m[31m#{executable}[0m[31m --product-version[1;31m"[0m[31m[0m).strip[0m
            [31m[0m
            [31mNoMethodError:[0m
            [31m  undefined method `strip' for nil:NilClass[0m
            [31m[0m
            [31m[0m
            [31m[0m
            [36m# /home/ec2-user/.rvm/gems/ruby-2.6.3/gems/webdrivers-3.9.4/lib/webdrivers/chromedriver.rb:145:in `chrome_on_linux'[0m
            [36m# /home/ec2-user/.rvm/gems/ruby-2.6.3/gems/webdrivers-3.9.4/lib/webdrivers/chromedriver.rb:45:in `chrome_version'[0m
            [36m# /home/ec2-user/.rvm/gems/ruby-2.6.3/gems/webdrivers-3.9.4/lib/webdrivers/chromedriver.rb:109:in `release_version'[0m
            [36m# /home/ec2-user/.rvm/gems/ruby-2.6.3/gems/webdrivers-3.9.4/lib/webdrivers/chromedriver.rb:31:in `latest_version'[0m
            [36m# /home/ec2-user/.rvm/gems/ruby-2.6.3/gems/webdrivers-3.9.4/lib/webdrivers/common.rb:155:in `correct_binary?'[0m
            [36m# /home/ec2-user/.rvm/gems/ruby-2.6.3/gems/webdrivers-3.9.4/lib/webdrivers/common.rb:93:in `update'[0m
            [36m# /home/ec2-user/.rvm/gems/ruby-2.6.3/gems/webdrivers-3.9.4/lib/webdrivers/chromedriver.rb:177:in `block in <main>'[0m
            [36m# /home/ec2-user/.rvm/gems/ruby-2.6.3/gems/selenium-webdriver-3.142.7/lib/selenium/webdriver/common/service.rb:133:in `binary_path'[0m
            [36m# /home/ec2-user/.rvm/gems/ruby-2.6.3/gems/selenium-webdriver-3.142.7/lib/selenium/webdriver/common/service.rb:94:in `initialize'[0m
            [36m# /home/ec2-user/.rvm/gems/ruby-2.6.3/gems/selenium-webdriver-3.142.7/lib/selenium/webdriver/common/service.rb:41:in `new'[0m
            [36m# /home/ec2-user/.rvm/gems/ruby-2.6.3/gems/selenium-webdriver-3.142.7/lib/selenium/webdriver/common/service.rb:41:in `chrome'[0m
            [36m# /home/ec2-user/.rvm/gems/ruby-2.6.3/gems/selenium-webdriver-3.142.7/lib/selenium/webdriver/common/driver.rb:299:in `service_url'[0m
            [36m# /home/ec2-user/.rvm/gems/ruby-2.6.3/gems/selenium-webdriver-3.142.7/lib/selenium/webdriver/chrome/driver.rb:40:in `initialize'[0m
            [36m# /home/ec2-user/.rvm/gems/ruby-2.6.3/gems/selenium-webdriver-3.142.7/lib/selenium/webdriver/common/driver.rb:46:in `new'[0m
            [36m# /home/ec2-user/.rvm/gems/ruby-2.6.3/gems/selenium-webdriver-3.142.7/lib/selenium/webdriver/common/driver.rb:46:in `for'[0m
            [36m# /home/ec2-user/.rvm/gems/ruby-2.6.3/gems/selenium-webdriver-3.142.7/lib/selenium/webdriver.rb:88:in `for'[0m
            [36m# /home/ec2-user/.rvm/gems/ruby-2.6.3/gems/capybara-3.35.3/lib/capybara/selenium/driver.rb:83:in `browser'[0m
            [36m# /home/ec2-user/.rvm/gems/ruby-2.6.3/gems/capybara-3.35.3/lib/capybara/selenium/driver.rb:156:in `save_screenshot'[0m
            [36m# /home/ec2-user/.rvm/gems/ruby-2.6.3/gems/capybara-3.35.3/lib/capybara/session.rb:735:in `block in save_screenshot'[0m
            [36m# /home/ec2-user/.rvm/gems/ruby-2.6.3/gems/capybara-3.35.3/lib/capybara/session.rb:735:in `tap'[0m
            [36m# /home/ec2-user/.rvm/gems/ruby-2.6.3/gems/capybara-3.35.3/lib/capybara/session.rb:735:in `save_screenshot'[0m

  17) [STEP1] ãƒ¦ãƒ¼ã‚¶ãƒ­ã‚°ã‚¤ãƒ³å‰ã®ãƒ†ã‚¹ãƒˆ ãŠå•ã„åˆã‚ã›ç”»é¢ã®ãƒ†ã‚¹ãƒˆ ãŠå•ã„åˆã‚ã›ç¢ºèªç”»é¢è¡¨ç¤ºå†…å®¹ã®ç¢ºèª é€ä¿¡ã™ã‚‹ãƒœã‚¿ãƒ³ãŒè¡¨ç¤ºã•ã‚Œã‚‹
      [31mGot 0 failures and 2 other errors:[0m

      17.1) [31mFailure/Error: [0mvisit [31m[1;31m'[0m[31m/contacts/new[1;31m'[0m[31m[0m[0m
            [31m[0m
            [31mNoMethodError:[0m
            [31m  undefined method `strip' for nil:NilClass[0m
            [31m[0m
            [31m[0m
            [31m[0m
            [36m# /home/ec2-user/.rvm/gems/ruby-2.6.3/gems/webdrivers-3.9.4/lib/webdrivers/chromedriver.rb:145:in `chrome_on_linux'[0m
            [36m# /home/ec2-user/.rvm/gems/ruby-2.6.3/gems/webdrivers-3.9.4/lib/webdrivers/chromedriver.rb:45:in `chrome_version'[0m
            [36m# /home/ec2-user/.rvm/gems/ruby-2.6.3/gems/webdrivers-3.9.4/lib/webdrivers/chromedriver.rb:109:in `release_version'[0m
            [36m# /home/ec2-user/.rvm/gems/ruby-2.6.3/gems/webdrivers-3.9.4/lib/webdrivers/chromedriver.rb:31:in `latest_version'[0m
            [36m# /home/ec2-user/.rvm/gems/ruby-2.6.3/gems/webdrivers-3.9.4/lib/webdrivers/common.rb:155:in `correct_binary?'[0m
            [36m# /home/ec2-user/.rvm/gems/ruby-2.6.3/gems/webdrivers-3.9.4/lib/webdrivers/common.rb:93:in `update'[0m
            [36m# /home/ec2-user/.rvm/gems/ruby-2.6.3/gems/webdrivers-3.9.4/lib/webdrivers/chromedriver.rb:177:in `block in <main>'[0m
            [36m# /home/ec2-user/.rvm/gems/ruby-2.6.3/gems/selenium-webdriver-3.142.7/lib/selenium/webdriver/common/service.rb:133:in `binary_path'[0m
            [36m# /home/ec2-user/.rvm/gems/ruby-2.6.3/gems/selenium-webdriver-3.142.7/lib/selenium/webdriver/common/service.rb:94:in `initialize'[0m
            [36m# /home/ec2-user/.rvm/gems/ruby-2.6.3/gems/selenium-webdriver-3.142.7/lib/selenium/webdriver/common/service.rb:41:in `new'[0m
            [36m# /home/ec2-user/.rvm/gems/ruby-2.6.3/gems/selenium-webdriver-3.142.7/lib/selenium/webdriver/common/service.rb:41:in `chrome'[0m
            [36m# /home/ec2-user/.rvm/gems/ruby-2.6.3/gems/selenium-webdriver-3.142.7/lib/selenium/webdriver/common/driver.rb:299:in `service_url'[0m
            [36m# /home/ec2-user/.rvm/gems/ruby-2.6.3/gems/selenium-webdriver-3.142.7/lib/selenium/webdriver/chrome/driver.rb:40:in `initialize'[0m
            [36m# /home/ec2-user/.rvm/gems/ruby-2.6.3/gems/selenium-webdriver-3.142.7/lib/selenium/webdriver/common/driver.rb:46:in `new'[0m
            [36m# /home/ec2-user/.rvm/gems/ruby-2.6.3/gems/selenium-webdriver-3.142.7/lib/selenium/webdriver/common/driver.rb:46:in `for'[0m
            [36m# /home/ec2-user/.rvm/gems/ruby-2.6.3/gems/selenium-webdriver-3.142.7/lib/selenium/webdriver.rb:88:in `for'[0m
            [36m# /home/ec2-user/.rvm/gems/ruby-2.6.3/gems/capybara-3.35.3/lib/capybara/selenium/driver.rb:83:in `browser'[0m
            [36m# /home/ec2-user/.rvm/gems/ruby-2.6.3/gems/capybara-3.35.3/lib/capybara/selenium/driver.rb:104:in `visit'[0m
            [36m# /home/ec2-user/.rvm/gems/ruby-2.6.3/gems/capybara-3.35.3/lib/capybara/session.rb:278:in `visit'[0m
            [36m# /home/ec2-user/.rvm/gems/ruby-2.6.3/gems/capybara-3.35.3/lib/capybara/dsl.rb:58:in `block (2 levels) in <module:DSL>'[0m
            [36m# ./spec/system/01_before_login_spec.rb:27:in `block (3 levels) in <top (required)>'[0m

      17.2) [31mFailure/Error: [0m[1;34;4mSystem[0m.call([31m[1;31m"[0m[31m#{executable}[0m[31m --product-version[1;31m"[0m[31m[0m).strip[0m
            [31m[0m
            [31mNoMethodError:[0m
            [31m  undefined method `strip' for nil:NilClass[0m
            [31m[0m
            [31m[0m
            [31m[0m
            [36m# /home/ec2-user/.rvm/gems/ruby-2.6.3/gems/webdrivers-3.9.4/lib/webdrivers/chromedriver.rb:145:in `chrome_on_linux'[0m
            [36m# /home/ec2-user/.rvm/gems/ruby-2.6.3/gems/webdrivers-3.9.4/lib/webdrivers/chromedriver.rb:45:in `chrome_version'[0m
            [36m# /home/ec2-user/.rvm/gems/ruby-2.6.3/gems/webdrivers-3.9.4/lib/webdrivers/chromedriver.rb:109:in `release_version'[0m
            [36m# /home/ec2-user/.rvm/gems/ruby-2.6.3/gems/webdrivers-3.9.4/lib/webdrivers/chromedriver.rb:31:in `latest_version'[0m
            [36m# /home/ec2-user/.rvm/gems/ruby-2.6.3/gems/webdrivers-3.9.4/lib/webdrivers/common.rb:155:in `correct_binary?'[0m
            [36m# /home/ec2-user/.rvm/gems/ruby-2.6.3/gems/webdrivers-3.9.4/lib/webdrivers/common.rb:93:in `update'[0m
            [36m# /home/ec2-user/.rvm/gems/ruby-2.6.3/gems/webdrivers-3.9.4/lib/webdrivers/chromedriver.rb:177:in `block in <main>'[0m
            [36m# /home/ec2-user/.rvm/gems/ruby-2.6.3/gems/selenium-webdriver-3.142.7/lib/selenium/webdriver/common/service.rb:133:in `binary_path'[0m
            [36m# /home/ec2-user/.rvm/gems/ruby-2.6.3/gems/selenium-webdriver-3.142.7/lib/selenium/webdriver/common/service.rb:94:in `initialize'[0m
            [36m# /home/ec2-user/.rvm/gems/ruby-2.6.3/gems/selenium-webdriver-3.142.7/lib/selenium/webdriver/common/service.rb:41:in `new'[0m
            [36m# /home/ec2-user/.rvm/gems/ruby-2.6.3/gems/selenium-webdriver-3.142.7/lib/selenium/webdriver/common/service.rb:41:in `chrome'[0m
            [36m# /home/ec2-user/.rvm/gems/ruby-2.6.3/gems/selenium-webdriver-3.142.7/lib/selenium/webdriver/common/driver.rb:299:in `service_url'[0m
            [36m# /home/ec2-user/.rvm/gems/ruby-2.6.3/gems/selenium-webdriver-3.142.7/lib/selenium/webdriver/chrome/driver.rb:40:in `initialize'[0m
            [36m# /home/ec2-user/.rvm/gems/ruby-2.6.3/gems/selenium-webdriver-3.142.7/lib/selenium/webdriver/common/driver.rb:46:in `new'[0m
            [36m# /home/ec2-user/.rvm/gems/ruby-2.6.3/gems/selenium-webdriver-3.142.7/lib/selenium/webdriver/common/driver.rb:46:in `for'[0m
            [36m# /home/ec2-user/.rvm/gems/ruby-2.6.3/gems/selenium-webdriver-3.142.7/lib/selenium/webdriver.rb:88:in `for'[0m
            [36m# /home/ec2-user/.rvm/gems/ruby-2.6.3/gems/capybara-3.35.3/lib/capybara/selenium/driver.rb:83:in `browser'[0m
            [36m# /home/ec2-user/.rvm/gems/ruby-2.6.3/gems/capybara-3.35.3/lib/capybara/selenium/driver.rb:156:in `save_screenshot'[0m
            [36m# /home/ec2-user/.rvm/gems/ruby-2.6.3/gems/capybara-3.35.3/lib/capybara/session.rb:735:in `block in save_screenshot'[0m
            [36m# /home/ec2-user/.rvm/gems/ruby-2.6.3/gems/capybara-3.35.3/lib/capybara/session.rb:735:in `tap'[0m
            [36m# /home/ec2-user/.rvm/gems/ruby-2.6.3/gems/capybara-3.35.3/lib/capybara/session.rb:735:in `save_screenshot'[0m

Finished in 0.31463 seconds (files took 4.97 seconds to load)
[31m17 examples, 17 failures[0m

Failed examples:

[31mrspec ./spec/system/01_before_login_spec.rb:10[0m [36m# [STEP1] ãƒ¦ãƒ¼ã‚¶ãƒ­ã‚°ã‚¤ãƒ³å‰ã®ãƒ†ã‚¹ãƒˆ ãƒˆãƒƒãƒ—ç”»é¢ã®ãƒ†ã‚¹ãƒˆ è¡¨ç¤ºå†…å®¹ã®ç¢ºèª UPLãŒæ­£ã—ã„[0m
[31mrspec ./spec/system/01_before_login_spec.rb:13[0m [36m# [STEP1] ãƒ¦ãƒ¼ã‚¶ãƒ­ã‚°ã‚¤ãƒ³å‰ã®ãƒ†ã‚¹ãƒˆ ãƒˆãƒƒãƒ—ç”»é¢ã®ãƒ†ã‚¹ãƒˆ è¡¨ç¤ºå†…å®¹ã®ç¢ºèª ã‚¢ã‚«ã‚¦ãƒ³ãƒˆã‚’ãŠæŒã¡ã®æ–¹ã¯ã“ã¡ã‚‰ï¼ˆãƒ­ã‚°ã‚¤ãƒ³ï¼‰ãƒªãƒ³ã‚¯ãŒè¡¨ç¤ºã•ã‚Œã‚‹: ã€Œã“ã¡ã‚‰ã€ã®ã¿ãƒªãƒ³ã‚¯ã§ã‚ã‚‹[0m
[31mrspec ./spec/system/01_before_login_spec.rb:16[0m [36m# [STEP1] ãƒ¦ãƒ¼ã‚¶ãƒ­ã‚°ã‚¤ãƒ³å‰ã®ãƒ†ã‚¹ãƒˆ ãƒˆãƒƒãƒ—ç”»é¢ã®ãƒ†ã‚¹ãƒˆ è¡¨ç¤ºå†…å®¹ã®ç¢ºèª ä»Šã™ãã¯ã˜ã‚ã‚‹ï¼ˆæ–°è¦ç™»éŒ²ï¼‰ãƒªãƒ³ã‚¯ãŒè¡¨ç¤ºã•ã‚Œã‚‹[0m
[31mrspec ./spec/system/01_before_login_spec.rb:19[0m [36m# [STEP1] ãƒ¦ãƒ¼ã‚¶ãƒ­ã‚°ã‚¤ãƒ³å‰ã®ãƒ†ã‚¹ãƒˆ ãƒˆãƒƒãƒ—ç”»é¢ã®ãƒ†ã‚¹ãƒˆ è¡¨ç¤ºå†…å®¹ã®ç¢ºèª ãŠå•ã„åˆã‚ã›ãƒªãƒ³ã‚¯ãŒè¡¨ç¤ºã•ã‚Œã‚‹[0m
[31mrspec ./spec/system/01_before_login_spec.rb:31[0m [36m# [STEP1] ãƒ¦ãƒ¼ã‚¶ãƒ­ã‚°ã‚¤ãƒ³å‰ã®ãƒ†ã‚¹ãƒˆ ãŠå•ã„åˆã‚ã›ç”»é¢ã®ãƒ†ã‚¹ãƒˆ ãŠå•ã„åˆã‚ã›ãƒ•ã‚©ãƒ¼ãƒ è¡¨ç¤ºå†…å®¹ã®ç¢ºèª URLãŒæ­£ã—ã„[0m
[31mrspec ./spec/system/01_before_login_spec.rb:34[0m [36m# [STEP1] ãƒ¦ãƒ¼ã‚¶ãƒ­ã‚°ã‚¤ãƒ³å‰ã®ãƒ†ã‚¹ãƒˆ ãŠå•ã„åˆã‚ã›ç”»é¢ã®ãƒ†ã‚¹ãƒˆ ãŠå•ã„åˆã‚ã›ãƒ•ã‚©ãƒ¼ãƒ è¡¨ç¤ºå†…å®¹ã®ç¢ºèª ã€ŒãŠå•ã„åˆã‚ã›ã€ã¨è¡¨ç¤ºã•ã‚Œã‚‹[0m
[31mrspec ./spec/system/01_before_login_spec.rb:37[0m [36m# [STEP1] ãƒ¦ãƒ¼ã‚¶ãƒ­ã‚°ã‚¤ãƒ³å‰ã®ãƒ†ã‚¹ãƒˆ ãŠå•ã„åˆã‚ã›ç”»é¢ã®ãƒ†ã‚¹ãƒˆ ãŠå•ã„åˆã‚ã›ãƒ•ã‚©ãƒ¼ãƒ è¡¨ç¤ºå†…å®¹ã®ç¢ºèª ãŠåå‰ãƒ•ã‚©ãƒ¼ãƒ ãŒè¡¨ç¤ºã•ã‚Œã‚‹[0m
[31mrspec ./spec/system/01_before_login_spec.rb:40[0m [36m# [STEP1] ãƒ¦ãƒ¼ã‚¶ãƒ­ã‚°ã‚¤ãƒ³å‰ã®ãƒ†ã‚¹ãƒˆ ãŠå•ã„åˆã‚ã›ç”»é¢ã®ãƒ†ã‚¹ãƒˆ ãŠå•ã„åˆã‚ã›ãƒ•ã‚©ãƒ¼ãƒ è¡¨ç¤ºå†…å®¹ã®ç¢ºèª ãƒ¡ãƒ¼ãƒ«ã‚¢ãƒ‰ãƒ¬ã‚¹ãƒ•ã‚©ãƒ¼ãƒ ãŒè¡¨ç¤ºã•ã‚Œã‚‹[0m
[31mrspec ./spec/system/01_before_login_spec.rb:43[0m [36m# [STEP1] ãƒ¦ãƒ¼ã‚¶ãƒ­ã‚°ã‚¤ãƒ³å‰ã®ãƒ†ã‚¹ãƒˆ ãŠå•ã„åˆã‚ã›ç”»é¢ã®ãƒ†ã‚¹ãƒˆ ãŠå•ã„åˆã‚ã›ãƒ•ã‚©ãƒ¼ãƒ è¡¨ç¤ºå†…å®¹ã®ç¢ºèª ãŠå•ã„åˆã‚ã›å†…å®¹ãƒ•ã‚©ãƒ¼ãƒ ãŒè¡¨ç¤ºã•ã‚Œã‚‹[0m
[31mrspec ./spec/system/01_before_login_spec.rb:46[0m [36m# [STEP1] ãƒ¦ãƒ¼ã‚¶ãƒ­ã‚°ã‚¤ãƒ³å‰ã®ãƒ†ã‚¹ãƒˆ ãŠå•ã„åˆã‚ã›ç”»é¢ã®ãƒ†ã‚¹ãƒˆ ãŠå•ã„åˆã‚ã›ãƒ•ã‚©ãƒ¼ãƒ è¡¨ç¤ºå†…å®¹ã®ç¢ºèª ç¢ºèªç”»é¢ã¸ãƒœã‚¿ãƒ³ãŒè¡¨ç¤ºã•ã‚Œã‚‹[0m
[31mrspec ./spec/system/01_before_login_spec.rb:59[0m [36m# [STEP1] ãƒ¦ãƒ¼ã‚¶ãƒ­ã‚°ã‚¤ãƒ³å‰ã®ãƒ†ã‚¹ãƒˆ ãŠå•ã„åˆã‚ã›ç”»é¢ã®ãƒ†ã‚¹ãƒˆ ãŠå•ã„åˆã‚ã›ç¢ºèªç”»é¢è¡¨ç¤ºå†…å®¹ã®ç¢ºèª URLãŒæ­£ã—ã„[0m
[31mrspec ./spec/system/01_before_login_spec.rb:62[0m [36m# [STEP1] ãƒ¦ãƒ¼ã‚¶ãƒ­ã‚°ã‚¤ãƒ³å‰ã®ãƒ†ã‚¹ãƒˆ ãŠå•ã„åˆã‚ã›ç”»é¢ã®ãƒ†ã‚¹ãƒˆ ãŠå•ã„åˆã‚ã›ç¢ºèªç”»é¢è¡¨ç¤ºå†…å®¹ã®ç¢ºèª ã€Œä»¥ä¸‹ã®å†…å®¹ã§ã‚ˆã‚ã—ã„ã§ã™ã‹ï¼Ÿã€ã¨è¡¨ç¤ºã•ã‚Œã‚‹[0m
[31mrspec ./spec/system/01_before_login_spec.rb:65[0m [36m# [STEP1] ãƒ¦ãƒ¼ã‚¶ãƒ­ã‚°ã‚¤ãƒ³å‰ã®ãƒ†ã‚¹ãƒˆ ãŠå•ã„åˆã‚ã›ç”»é¢ã®ãƒ†ã‚¹ãƒˆ ãŠå•ã„åˆã‚ã›ç¢ºèªç”»é¢è¡¨ç¤ºå†…å®¹ã®ç¢ºèª ãŠåå‰ãŒè¡¨ç¤ºã•ã‚Œã‚‹[0m
[31mrspec ./spec/system/01_before_login_spec.rb:68[0m [36m# [STEP1] ãƒ¦ãƒ¼ã‚¶ãƒ­ã‚°ã‚¤ãƒ³å‰ã®ãƒ†ã‚¹ãƒˆ ãŠå•ã„åˆã‚ã›ç”»é¢ã®ãƒ†ã‚¹ãƒˆ ãŠå•ã„åˆã‚ã›ç¢ºèªç”»é¢è¡¨ç¤ºå†…å®¹ã®ç¢ºèª ãƒ¡ãƒ¼ãƒ«ã‚¢ãƒ‰ãƒ¬ã‚¹ãŒè¡¨ç¤ºã•ã‚Œã‚‹[0m
[31mrspec ./spec/system/01_before_login_spec.rb:71[0m [36m# [STEP1] ãƒ¦ãƒ¼ã‚¶ãƒ­ã‚°ã‚¤ãƒ³å‰ã®ãƒ†ã‚¹ãƒˆ ãŠå•ã„åˆã‚ã›ç”»é¢ã®ãƒ†ã‚¹ãƒˆ ãŠå•ã„åˆã‚ã›ç¢ºèªç”»é¢è¡¨ç¤ºå†…å®¹ã®ç¢ºèª ãŠå•ã„åˆã‚ã›å†…å®¹ãŒè¡¨ç¤ºã•ã‚Œã‚‹[0m
[31mrspec ./spec/system/01_before_login_spec.rb:74[0m [36m# [STEP1] ãƒ¦ãƒ¼ã‚¶ãƒ­ã‚°ã‚¤ãƒ³å‰ã®ãƒ†ã‚¹ãƒˆ ãŠå•ã„åˆã‚ã›ç”»é¢ã®ãƒ†ã‚¹ãƒˆ ãŠå•ã„åˆã‚ã›ç¢ºèªç”»é¢è¡¨ç¤ºå†…å®¹ã®ç¢ºèª ä¿®æ­£ã™ã‚‹ãƒœã‚¿ãƒ³ãŒè¡¨ç¤ºã•ã‚Œã‚‹[0m
[31mrspec ./spec/system/01_before_login_spec.rb:77[0m [36m# [STEP1] ãƒ¦ãƒ¼ã‚¶ãƒ­ã‚°ã‚¤ãƒ³å‰ã®ãƒ†ã‚¹ãƒˆ ãŠå•ã„åˆã‚ã›ç”»é¢ã®ãƒ†ã‚¹ãƒˆ ãŠå•ã„åˆã‚ã›ç¢ºèªç”»é¢è¡¨ç¤ºå†…å®¹ã®ç¢ºèª é€ä¿¡ã™ã‚‹ãƒœã‚¿ãƒ³ãŒè¡¨ç¤ºã•ã‚Œã‚‹[0m

